2022-02-23T19:38:40.101Z [jffe ] [[34M[INFO ][39M] [                ] [                              ] [main                ] - frontend (jffe) service initialization started. Version: 1.33.9 Revision: 10000009 PID: 4493 Home: /opt/jfrog/artifactory
2022-02-23T19:38:40.124Z [jffe ] [[34M[INFO ][39M] [                ] [                              ] [main                ] - attempting pinging artifactory for 180 retires and 1.0s interval for total of 3 minutes
2022-02-23T19:38:49.863Z [jffe ] [[34M[INFO ][39M] [                ] [                              ] [main                ] - pinging artifactory, attempt number 10
2022-02-23T19:38:49.895Z [jffe ] [[34M[INFO ][39M] [                ] [                              ] [main                ] - pinging artifactory attempt number 10 failed with code : ECONNREFUSED
2022-02-23T19:39:00.176Z [jffe ] [[34M[INFO ][39M] [                ] [                              ] [main                ] - pinging artifactory, attempt number 20
2022-02-23T19:39:00.194Z [jffe ] [[34M[INFO ][39M] [                ] [                              ] [main                ] - pinging artifactory attempt number 20 failed with code : ECONNREFUSED
2022-02-23T19:39:10.440Z [jffe ] [[34M[INFO ][39M] [                ] [                              ] [main                ] - pinging artifactory, attempt number 30
2022-02-23T19:39:10.456Z [jffe ] [[34M[INFO ][39M] [                ] [                              ] [main                ] - pinging artifactory attempt number 30 failed with code : ECONNREFUSED
2022-02-23T19:39:20.702Z [jffe ] [[34M[INFO ][39M] [                ] [                              ] [main                ] - pinging artifactory, attempt number 40
2022-02-23T19:39:20.723Z [jffe ] [[34M[INFO ][39M] [                ] [                              ] [main                ] - pinging artifactory attempt number 40 failed with code : ECONNREFUSED
2022-02-23T19:39:30.824Z [jffe ] [[34M[INFO ][39M] [                ] [                              ] [main                ] - pinging artifactory, attempt number 50
2022-02-23T19:39:30.835Z [jffe ] [[34M[INFO ][39M] [                ] [                              ] [main                ] - pinging artifactory attempt number 50 failed with code : ECONNREFUSED
2022-02-23T19:39:40.971Z [jffe ] [[34M[INFO ][39M] [                ] [                              ] [main                ] - pinging artifactory, attempt number 60
2022-02-23T19:39:40.978Z [jffe ] [[34M[INFO ][39M] [                ] [                              ] [main                ] - pinging artifactory attempt number 60 failed with code : ECONNREFUSED
2022-02-23T19:39:51.060Z [jffe ] [[34M[INFO ][39M] [                ] [                              ] [main                ] - pinging artifactory, attempt number 70
2022-02-23T19:39:51.067Z [jffe ] [[34M[INFO ][39M] [                ] [                              ] [main                ] - pinging artifactory attempt number 70 failed with code : ECONNREFUSED
2022-02-23T19:40:01.231Z [jffe ] [[34M[INFO ][39M] [                ] [                              ] [main                ] - pinging artifactory, attempt number 80
2022-02-23T19:40:01.238Z [jffe ] [[34M[INFO ][39M] [                ] [                              ] [main                ] - pinging artifactory attempt number 80 failed with code : ECONNREFUSED
2022-02-23T19:40:11.335Z [jffe ] [[34M[INFO ][39M] [                ] [                              ] [main                ] - pinging artifactory, attempt number 90
2022-02-23T19:40:11.371Z [jffe ] [[34M[INFO ][39M] [                ] [                              ] [main                ] - pinging artifactory attempt number 90 failed with code : ECONNREFUSED
2022-02-23T19:40:21.561Z [jffe ] [[34M[INFO ][39M] [                ] [                              ] [main                ] - pinging artifactory, attempt number 100
2022-02-23T19:40:21.568Z [jffe ] [[34M[INFO ][39M] [                ] [                              ] [main                ] - pinging artifactory attempt number 100 failed with code : ECONNREFUSED
2022-02-23T19:40:31.818Z [jffe ] [[34M[INFO ][39M] [                ] [                              ] [main                ] - pinging artifactory, attempt number 110
2022-02-23T19:40:31.898Z [jffe ] [[34M[INFO ][39M] [                ] [                              ] [main                ] - pinging artifactory attempt number 110 failed with code : undefined
2022-02-23T19:40:42.198Z [jffe ] [[34M[INFO ][39M] [                ] [                              ] [main                ] - pinging artifactory, attempt number 120
2022-02-23T19:40:42.229Z [jffe ] [[34M[INFO ][39M] [                ] [                              ] [main                ] - pinging artifactory attempt number 120 failed with code : undefined
2022-02-23T19:40:52.478Z [jffe ] [[34M[INFO ][39M] [                ] [                              ] [main                ] - pinging artifactory, attempt number 130
2022-02-23T19:40:52.494Z [jffe ] [[34M[INFO ][39M] [                ] [                              ] [main                ] - pinging artifactory attempt number 130 failed with code : undefined
2022-02-23T19:41:02.706Z [jffe ] [[34M[INFO ][39M] [                ] [                              ] [main                ] - pinging artifactory, attempt number 140
2022-02-23T19:41:02.719Z [jffe ] [[34M[INFO ][39M] [                ] [                              ] [main                ] - pinging artifactory attempt number 140 failed with code : undefined
2022-02-23T19:41:12.983Z [jffe ] [[34M[INFO ][39M] [                ] [                              ] [main                ] - pinging artifactory, attempt number 150
2022-02-23T19:41:13.004Z [jffe ] [[34M[INFO ][39M] [                ] [                              ] [main                ] - pinging artifactory attempt number 150 failed with code : undefined
2022-02-23T19:41:23.198Z [jffe ] [[34M[INFO ][39M] [                ] [                              ] [main                ] - pinging artifactory, attempt number 160
2022-02-23T19:41:23.281Z [jffe ] [[34M[INFO ][39M] [                ] [                              ] [main                ] - pinging artifactory attempt number 160 failed with code : undefined
2022-02-23T19:41:32.137Z [jffe ] [[34M[INFO ][39M] [                ] [                              ] [main                ] - artifactory was pinged successfully
2022-02-23T19:41:32.142Z [jffe ] [[34M[INFO ][39M] [                ] [                              ] [main                ] - setting service id - jffe@000
2022-02-23T19:41:32.498Z [jffe ] [[34M[INFO ][39M] [                ] [                              ] [main                ] - Cluster join: Successfully joined the cluster
2022-02-23T19:41:32.712Z [jffe ] [[34M[INFO ][39M] [                ] [                              ] [main                ] - UI service successfully registered on router, serviceId: jffe@000
2022-02-23T19:41:34.206Z [jffe ] [[34M[INFO ][39M] [                ] [                              ] [main                ] - Recurring tasks started
2022-02-23T19:41:35.799Z [jffe ] [[34M[INFO ][39M] [                ] [                              ] [main                ] - frontend (jffe) service initialization completed in 178.22 seconds. Listening on port: port 8070
2022-02-27T21:56:37.951Z [jffe ] [[31M[1M[ERROR][22M[39M] [                ] [                              ] [main                ] - Error: fetchAndUpdateIsRememberMeEnabled failed with error Request failed with status code 401
    at PlatformConfiguration.fetchAndUpdateIsRememberMeEnabled.catch (/opt/jfrog/artifactory/app/frontend/bin/server/dist/webpack:/src/PlatformState/PlatformConfiguration.ts:108:11)
    at process._tickCallback (internal/process/next_tick.js:68:7)
