2022-02-23T19:38:31.892Z [jfint] [INFO ] [0200d07eee045073] [security_keys.go:149          ] [main                ] - Master key is missing. Pending for 5 seconds with 2m0s timeout [startup]
2022-02-23T19:38:36.910Z [jfint] [INFO ] [0200d07eee045073] [security_keys.go:149          ] [main                ] - Master key is missing. Pending for 10 seconds with 2m0s timeout [startup]
2022-02-23T19:38:41.942Z [jfint] [INFO ] [0200d07eee045073] [security_keys.go:149          ] [main                ] - Master key is missing. Pending for 15 seconds with 2m0s timeout [startup]
2022-02-23T19:38:46.961Z [jfint] [INFO ] [0200d07eee045073] [security_keys.go:149          ] [main                ] - Master key is missing. Pending for 20 seconds with 2m0s timeout [startup]
2022-02-23T19:38:51.976Z [jfint] [INFO ] [0200d07eee045073] [security_keys.go:149          ] [main                ] - Master key is missing. Pending for 25 seconds with 2m0s timeout [startup]
2022-02-23T19:38:56.984Z [jfint] [INFO ] [0200d07eee045073] [security_keys.go:149          ] [main                ] - Master key is missing. Pending for 30 seconds with 2m0s timeout [startup]
2022-02-23T19:39:01.997Z [jfint] [INFO ] [0200d07eee045073] [security_keys.go:149          ] [main                ] - Master key is missing. Pending for 35 seconds with 2m0s timeout [startup]
2022-02-23T19:39:07.010Z [jfint] [INFO ] [0200d07eee045073] [security_keys.go:149          ] [main                ] - Master key is missing. Pending for 40 seconds with 2m0s timeout [startup]
2022-02-23T19:39:12.029Z [jfint] [INFO ] [0200d07eee045073] [security_keys.go:149          ] [main                ] - Master key is missing. Pending for 45 seconds with 2m0s timeout [startup]
2022-02-23T19:39:17.068Z [jfint] [INFO ] [0200d07eee045073] [security_keys.go:149          ] [main                ] - Master key is missing. Pending for 50 seconds with 2m0s timeout [startup]
2022-02-23T19:39:22.095Z [jfint] [INFO ] [0200d07eee045073] [security_keys.go:149          ] [main                ] - Master key is missing. Pending for 55 seconds with 2m0s timeout [startup]
2022-02-23T19:39:27.099Z [jfint] [INFO ] [0200d07eee045073] [security_keys.go:149          ] [main                ] - Master key is missing. Pending for 60 seconds with 2m0s timeout [startup]
2022-02-23T19:39:32.107Z [jfint] [INFO ] [0200d07eee045073] [security_keys.go:149          ] [main                ] - Master key is missing. Pending for 65 seconds with 2m0s timeout [startup]
2022-02-23T19:39:37.113Z [jfint] [INFO ] [0200d07eee045073] [security_keys.go:149          ] [main                ] - Master key is missing. Pending for 70 seconds with 2m0s timeout [startup]
2022-02-23T19:39:42.119Z [jfint] [INFO ] [0200d07eee045073] [security_keys.go:149          ] [main                ] - Master key is missing. Pending for 75 seconds with 2m0s timeout [startup]
2022-02-23T19:39:47.125Z [jfint] [INFO ] [0200d07eee045073] [security_keys.go:163          ] [main                ] - Cluster join: Join key is missing. Pending for 80 seconds with 2m0s timeout [startup]
2022-02-23T19:39:52.130Z [jfint] [INFO ] [0200d07eee045073] [security_keys.go:163          ] [main                ] - Cluster join: Join key is missing. Pending for 85 seconds with 2m0s timeout [startup]
2022-02-23T19:39:57.136Z [jfint] [INFO ] [0200d07eee045073] [security_keys.go:163          ] [main                ] - Cluster join: Join key is missing. Pending for 90 seconds with 2m0s timeout [startup]
2022-02-23T19:40:02.142Z [jfint] [INFO ] [0200d07eee045073] [security_keys.go:163          ] [main                ] - Cluster join: Join key is missing. Pending for 95 seconds with 2m0s timeout [startup]
2022-02-23T19:40:07.146Z [jfint] [INFO ] [0200d07eee045073] [security_keys.go:163          ] [main                ] - Cluster join: Join key is missing. Pending for 100 seconds with 2m0s timeout [startup]
2022-02-23T19:40:12.224Z [jfint] [INFO ] [0200d07eee045073] [access_thin_client.go:96      ] [main                ] - Cluster join: Retry 5: Service registry ping failed, will retry. Error: error while trying to connect to local router at address 'http://localhost:8046/access/api/v1/system/ping': Get "http://localhost:8046/access/api/v1/system/ping": dial tcp 127.0.0.1:8046: connect: connection refused [startup]
2022-02-23T19:40:17.245Z [jfint] [INFO ] [0200d07eee045073] [access_thin_client.go:96      ] [main                ] - Cluster join: Retry 10: Service registry ping failed, will retry. Error: error while trying to connect to local router at address 'http://localhost:8046/access/api/v1/system/ping': Get "http://localhost:8046/access/api/v1/system/ping": dial tcp 127.0.0.1:8046: connect: connection refused [startup]
2022-02-23T19:40:22.268Z [jfint] [INFO ] [0200d07eee045073] [access_thin_client.go:96      ] [main                ] - Cluster join: Retry 15: Service registry ping failed, will retry. Error: error while trying to connect to local router at address 'http://localhost:8046/access/api/v1/system/ping': Get "http://localhost:8046/access/api/v1/system/ping": dial tcp 127.0.0.1:8046: connect: connection refused [startup]
2022-02-23T19:40:27.283Z [jfint] [INFO ] [0200d07eee045073] [access_thin_client.go:96      ] [main                ] - Cluster join: Retry 20: Service registry ping failed, will retry. Error: error while trying to connect to local router at address 'http://localhost:8046/access/api/v1/system/ping': Get "http://localhost:8046/access/api/v1/system/ping": dial tcp 127.0.0.1:8046: connect: connection refused [startup]
2022-02-23T19:40:32.295Z [jfint] [INFO ] [0200d07eee045073] [access_thin_client.go:96      ] [main                ] - Cluster join: Retry 25: Service registry ping failed, will retry. Error: Failed to ping access, response status: 404 Not Found (returned 404) [startup]
2022-02-23T19:40:37.309Z [jfint] [INFO ] [0200d07eee045073] [access_thin_client.go:96      ] [main                ] - Cluster join: Retry 30: Service registry ping failed, will retry. Error: Failed to ping access, response status: 404 Not Found (returned 404) [startup]
2022-02-23T19:40:40.419Z [jfint] [INFO ] [0200d07eee045073] [bootstrap.go:84               ] [main                ] - JFrog Integration Service ID: jfint@01fwm1hcyv61kx19fmv6g21ggp [startup]
2022-02-23T19:40:40.420Z [jfint] [INFO ] [0200d07eee045073] [bootstrap.go:85               ] [main                ] - JFrog Integration Node ID   : 8530331d6faf [startup]
2022-02-23T19:40:40.420Z [jfint] [INFO ] [0200d07eee045073] [bootstrap.go:86               ] [main                ] - JFrog Integration Node IP   : 192.168.224.2 [startup]
2022-02-23T19:40:40.974Z [jfint] [INFO ] [0200d07eee045073] [access_join.go:50             ] [main                ] - Cluster join: Successfully joined the cluster [application]
2022-02-23T19:40:40.976Z [jfint] [INFO ] [0200d07eee045073] [access_join.go:50             ] [main                ] - Cluster join: executing Router register at: localhost:8046 for service id jfint@01fwm1hcyv61kx19fmv6g21ggp [application]
2022-02-23T19:40:41.025Z [jfint] [INFO ] [0200d07eee045073] [application.go:134            ] [main                ] - JFrog Integration (jfint) service initialization completed in 134.215 seconds. HTTP server listening on 127.0.0.1:8071. GRPC server listening on 127.0.0.1:8072.  [application]
2022-02-23T19:40:41.030Z [jfint] [INFO ] [0200d07eee045073] [git_subscription_worker_servic] [main                ] - Starting GitSubscriptionWorker [subscription_service]
2022-02-27T12:04:33.087Z [jfint] [ERROR] [0200d07eee045073] [access_join.go:74             ] [main                ] - Refreshing platform config change events gRPC stream - got an error (status code: Internal) - resubscribe expected [access_client]
2022-02-27T21:40:08.620Z [jfint] [ERROR] [0200d07eee045073] [access_join.go:74             ] [main                ] - Refreshing platform config change events gRPC stream - got an error (status code: Internal) - resubscribe expected [access_client]
2022-02-27T21:40:08.622Z [jfint] [ERROR] [0200d07eee045073] [access_join.go:74             ] [main                ] - Refreshing platform config change events gRPC stream - got an error (status code: Internal) - resubscribe expected [access_client]
