2022-02-23T19:38:29.936Z [jfob ] [INFO ] [0a93eba987d1fbe5] [security_keys.go:149          ] [main                ] - Master key is missing. Pending for 5 seconds with 2m0s timeout [startup]
2022-02-23T19:38:34.956Z [jfob ] [INFO ] [0a93eba987d1fbe5] [security_keys.go:149          ] [main                ] - Master key is missing. Pending for 10 seconds with 2m0s timeout [startup]
2022-02-23T19:38:39.978Z [jfob ] [INFO ] [0a93eba987d1fbe5] [security_keys.go:149          ] [main                ] - Master key is missing. Pending for 15 seconds with 2m0s timeout [startup]
2022-02-23T19:38:44.985Z [jfob ] [INFO ] [0a93eba987d1fbe5] [security_keys.go:149          ] [main                ] - Master key is missing. Pending for 20 seconds with 2m0s timeout [startup]
2022-02-23T19:38:50.010Z [jfob ] [INFO ] [0a93eba987d1fbe5] [security_keys.go:149          ] [main                ] - Master key is missing. Pending for 25 seconds with 2m0s timeout [startup]
2022-02-23T19:38:55.020Z [jfob ] [INFO ] [0a93eba987d1fbe5] [security_keys.go:149          ] [main                ] - Master key is missing. Pending for 30 seconds with 2m0s timeout [startup]
2022-02-23T19:39:00.028Z [jfob ] [INFO ] [0a93eba987d1fbe5] [security_keys.go:149          ] [main                ] - Master key is missing. Pending for 35 seconds with 2m0s timeout [startup]
2022-02-23T19:39:05.048Z [jfob ] [INFO ] [0a93eba987d1fbe5] [security_keys.go:149          ] [main                ] - Master key is missing. Pending for 40 seconds with 2m0s timeout [startup]
2022-02-23T19:39:10.053Z [jfob ] [INFO ] [0a93eba987d1fbe5] [security_keys.go:149          ] [main                ] - Master key is missing. Pending for 45 seconds with 2m0s timeout [startup]
2022-02-23T19:39:15.061Z [jfob ] [INFO ] [0a93eba987d1fbe5] [security_keys.go:149          ] [main                ] - Master key is missing. Pending for 50 seconds with 2m0s timeout [startup]
2022-02-23T19:39:20.072Z [jfob ] [INFO ] [0a93eba987d1fbe5] [security_keys.go:149          ] [main                ] - Master key is missing. Pending for 55 seconds with 2m0s timeout [startup]
2022-02-23T19:39:25.085Z [jfob ] [INFO ] [0a93eba987d1fbe5] [security_keys.go:149          ] [main                ] - Master key is missing. Pending for 60 seconds with 2m0s timeout [startup]
2022-02-23T19:39:30.094Z [jfob ] [INFO ] [0a93eba987d1fbe5] [security_keys.go:149          ] [main                ] - Master key is missing. Pending for 65 seconds with 2m0s timeout [startup]
2022-02-23T19:39:35.099Z [jfob ] [INFO ] [0a93eba987d1fbe5] [security_keys.go:149          ] [main                ] - Master key is missing. Pending for 70 seconds with 2m0s timeout [startup]
2022-02-23T19:39:40.106Z [jfob ] [INFO ] [0a93eba987d1fbe5] [security_keys.go:149          ] [main                ] - Master key is missing. Pending for 75 seconds with 2m0s timeout [startup]
2022-02-23T19:39:45.111Z [jfob ] [INFO ] [0a93eba987d1fbe5] [security_keys.go:163          ] [main                ] - Cluster join: Join key is missing. Pending for 80 seconds with 2m0s timeout [startup]
2022-02-23T19:39:50.118Z [jfob ] [INFO ] [0a93eba987d1fbe5] [security_keys.go:163          ] [main                ] - Cluster join: Join key is missing. Pending for 85 seconds with 2m0s timeout [startup]
2022-02-23T19:39:55.122Z [jfob ] [INFO ] [0a93eba987d1fbe5] [security_keys.go:163          ] [main                ] - Cluster join: Join key is missing. Pending for 90 seconds with 2m0s timeout [startup]
2022-02-23T19:40:00.133Z [jfob ] [INFO ] [0a93eba987d1fbe5] [security_keys.go:163          ] [main                ] - Cluster join: Join key is missing. Pending for 95 seconds with 2m0s timeout [startup]
2022-02-23T19:40:05.142Z [jfob ] [INFO ] [0a93eba987d1fbe5] [security_keys.go:163          ] [main                ] - Cluster join: Join key is missing. Pending for 100 seconds with 2m0s timeout [startup]
2022-02-23T19:40:12.212Z [jfob ] [INFO ] [0a93eba987d1fbe5] [access_thin_client.go:103     ] [main                ] - Cluster join: Retry 5: Service registry ping failed, will retry. Error: failed connecting to local router at address 'http://localhost:8046/access/api/v1/system/ping': Get "http://localhost:8046/access/api/v1/system/ping": dial tcp 127.0.0.1:8046: connect: connection refused [startup]
2022-02-23T19:40:17.228Z [jfob ] [INFO ] [0a93eba987d1fbe5] [access_thin_client.go:103     ] [main                ] - Cluster join: Retry 10: Service registry ping failed, will retry. Error: failed connecting to local router at address 'http://localhost:8046/access/api/v1/system/ping': Get "http://localhost:8046/access/api/v1/system/ping": dial tcp 127.0.0.1:8046: connect: connection refused [startup]
2022-02-23T19:40:22.240Z [jfob ] [INFO ] [0a93eba987d1fbe5] [access_thin_client.go:103     ] [main                ] - Cluster join: Retry 15: Service registry ping failed, will retry. Error: failed connecting to local router at address 'http://localhost:8046/access/api/v1/system/ping': Get "http://localhost:8046/access/api/v1/system/ping": dial tcp 127.0.0.1:8046: connect: connection refused [startup]
2022-02-23T19:40:27.248Z [jfob ] [INFO ] [0a93eba987d1fbe5] [access_thin_client.go:103     ] [main                ] - Cluster join: Retry 20: Service registry ping failed, will retry. Error: failed connecting to local router at address 'http://localhost:8046/access/api/v1/system/ping': Get "http://localhost:8046/access/api/v1/system/ping": dial tcp 127.0.0.1:8046: connect: connection refused [startup]
2022-02-23T19:40:32.271Z [jfob ] [INFO ] [0a93eba987d1fbe5] [access_thin_client.go:103     ] [main                ] - Cluster join: Retry 25: Service registry ping failed, will retry. Error: failed to ping access, response status: 404 Not Found (returned 404) [startup]
2022-02-23T19:40:37.284Z [jfob ] [INFO ] [0a93eba987d1fbe5] [access_thin_client.go:103     ] [main                ] - Cluster join: Retry 30: Service registry ping failed, will retry. Error: failed to ping access, response status: 404 Not Found (returned 404) [startup]
2022-02-23T19:40:40.363Z [jfob ] [INFO ] [0a93eba987d1fbe5] [bootstrap.go:84               ] [main                ] - JFrog Observability Service ID: jfob@01fwm1hcyv61kx19fmv6g21ggp [startup]
2022-02-23T19:40:40.363Z [jfob ] [INFO ] [0a93eba987d1fbe5] [bootstrap.go:85               ] [main                ] - JFrog Observability Node ID   : 8530331d6faf [startup]
2022-02-23T19:40:40.364Z [jfob ] [INFO ] [0a93eba987d1fbe5] [bootstrap.go:86               ] [main                ] - JFrog Observability Node IP   : 192.168.224.2 [startup]
2022-02-23T19:40:40.772Z [jfob ] [INFO ] [0a93eba987d1fbe5] [access_join.go:50             ] [main                ] - Cluster join: Successfully joined the cluster [application]
2022-02-23T19:40:40.773Z [jfob ] [INFO ] [0a93eba987d1fbe5] [access_join.go:50             ] [main                ] - Cluster join: executing Router register at: localhost:8046 for service id jfob@01fwm1hcyv61kx19fmv6g21ggp [application]
2022-02-23T19:40:40.807Z [jfob ] [INFO ] [0a93eba987d1fbe5] [application.go:134            ] [main                ] - JFrog Observability (jfob) service initialization completed in 135.928 seconds. HTTP server listening on 127.0.0.1:8036.  [application]
2022-02-23T19:40:40.821Z [jfob ] [INFO ] [0a93eba987d1fbe5] [shipping_service.go:110       ] [main                ] - Product Name arrived as: artifactory [shipping_service]
2022-02-23T19:40:40.822Z [jfob ] [INFO ] [0a93eba987d1fbe5] [shipping_service.go:117       ] [main                ] - Shipping Duration Interval 60ns and Consumption Duration Interval 60ns  [shipping_service]
2022-02-27T21:40:08.226Z [jfob ] [ERROR] [0a93eba987d1fbe5] [access_join.go:74             ] [main                ] - Refreshing platform config change events gRPC stream - got an error (status code: Internal) - resubscribe expected [access_client]
