2022-02-23T19:39:01.871Z [jfrt ] [INFO ] [7b1442f12cd9f304] [o.a.c.h.HaNodeProperties:65   ] [ocalhost-startStop-2] - Artifactory is running in non-clustered mode.
2022-02-23T19:39:01.977Z [jfrt ] [INFO ] [7b1442f12cd9f304] [tifactoryHomeConfigListener:85] [ocalhost-startStop-2] - Resolved Home: '/opt/jfrog/artifactory
2022-02-23T19:39:05.788Z [jfrt ] [INFO ] [                ] [o.j.c.w.FileWatcher:146       ] [file-watcher-poller ] - Starting watch of folder configurations
2022-02-23T19:39:06.033Z [jfrt ] [WARN ] [7b1442f12cd9f304] [c.z.h.u.DriverDataSource:70   ] [ocalhost-startStop-2] - Registered driver with driverClassName=org.apache.derby.jdbc.EmbeddedDriver was not found, trying direct instantiation.
2022-02-23T19:39:14.719Z [jfrt ] [INFO ] [7b1442f12cd9f304] [.BasicConfigurationManager:186] [ocalhost-startStop-2] - Artifactory (jfrt) service initialization started. Version: 7.33.9 Revision: 73309900 PID: 4490 Home: /opt/jfrog/artifactory
2022-02-23T19:39:19.812Z [jfrt ] [INFO ] [7b1442f12cd9f304] [o.j.s.c.KeyUtils:108          ] [ocalhost-startStop-2] - Master key is missing. Pending for 5 seconds with 60 seconds timeout
2022-02-23T19:39:24.825Z [jfrt ] [INFO ] [7b1442f12cd9f304] [o.j.s.c.KeyUtils:108          ] [ocalhost-startStop-2] - Master key is missing. Pending for 5 seconds with 60 seconds timeout
2022-02-23T19:39:29.831Z [jfrt ] [INFO ] [7b1442f12cd9f304] [o.j.s.c.KeyUtils:108          ] [ocalhost-startStop-2] - Master key is missing. Pending for 5 seconds with 60 seconds timeout
2022-02-23T19:39:34.839Z [jfrt ] [INFO ] [7b1442f12cd9f304] [o.j.s.c.KeyUtils:108          ] [ocalhost-startStop-2] - Master key is missing. Pending for 5 seconds with 60 seconds timeout
2022-02-23T19:39:39.863Z [jfrt ] [INFO ] [7b1442f12cd9f304] [o.j.s.c.KeyUtils:108          ] [ocalhost-startStop-2] - Master key is missing. Pending for 5 seconds with 60 seconds timeout
2022-02-23T19:39:45.769Z [jfrt ] [INFO ] [7b1442f12cd9f304] [o.j.c.AbstractDbConverter:36  ] [ocalhost-startStop-2] - Starting converter org.artifactory.storage.db.init.MasterKeyBootstrapUtil$1@4a854cbe with description: "v570a"
2022-02-23T19:39:45.987Z [jfrt ] [INFO ] [7b1442f12cd9f304] [o.j.c.AbstractDbConverter:51  ] [ocalhost-startStop-2] - Converter `MASTER_KEY_TABLE_VERSION` is done with status `COMPLETED`.
2022-02-23T19:39:46.119Z [jfrt ] [INFO ] [7b1442f12cd9f304] [d.c.m.ConverterManagerImpl:212] [ocalhost-startStop-2] - Triggering PRE_INIT conversion, from 7.33.9 to 7.33.9
2022-02-23T19:39:46.128Z [jfrt ] [INFO ] [7b1442f12cd9f304] [d.c.m.ConverterManagerImpl:215] [ocalhost-startStop-2] - Finished PRE_INIT conversion, current version is: 7.33.9
2022-02-23T19:39:46.129Z [jfrt ] [INFO ] [7b1442f12cd9f304] [d.i.DbInitializationManager:48] [ocalhost-startStop-2] - Initializing DB Schema initialization manager
2022-02-23T19:39:46.139Z [jfrt ] [INFO ] [7b1442f12cd9f304] [.i.DbInitializationManager:176] [ocalhost-startStop-2] - Database: Apache Derby 10.14.2.0 - (1828579). Driver: Apache Derby Embedded JDBC Driver 10.14.2.0 - (1828579) Pool: derby
2022-02-23T19:39:47.644Z [jfrt ] [INFO ] [7b1442f12cd9f304] [d.i.DbInitializationManager:69] [ocalhost-startStop-2] - ***Creating database schema***
2022-02-23T19:39:51.799Z [jfrt ] [INFO ] [7b1442f12cd9f304] [d.i.DbInitializationManager:72] [ocalhost-startStop-2] - ***Database schema created***
2022-02-23T19:39:51.801Z [jfrt ] [INFO ] [7b1442f12cd9f304] [d.i.DbInitializationManager:52] [ocalhost-startStop-2] - DB Schema initialization manager initialized
2022-02-23T19:39:51.848Z [jfrt ] [INFO ] [7b1442f12cd9f304] [SchemaInitializationManager:48] [ocalhost-startStop-2] - Initializing Post-DB initialization manager
2022-02-23T19:39:52.103Z [jfrt ] [INFO ] [7b1442f12cd9f304] [.c.ConfigurationManagerImpl:97] [ocalhost-startStop-2] - Starting file sync
2022-02-23T19:39:52.249Z [jfrt ] [INFO ] [7b1442f12cd9f304] [SchemaInitializationManager:51] [ocalhost-startStop-2] - Post-DB initialization manager initialized
2022-02-23T19:39:52.358Z [jfrt ] [INFO ] [7b1442f12cd9f304] [o.a.m.MimeTypesReader:74      ] [ocalhost-startStop-2] - Converting mimetypes.xml version from 'v15' to 'v16'
2022-02-23T19:39:54.884Z [jfrt ] [INFO ] [f429e51121f28ca2] [ctoryContextConfigListener:331] [art-init            ] - 
                _   _  __           _                      ____   _____ _____
     /\        | | (_)/ _|         | |                    / __ \ / ____/ ____|
    /  \   _ __| |_ _| |_ __ _  ___| |_ ___  _ __ _   _  | |  | | (___| (___
   / /\ \ | '__| __| |  _/ _` |/ __| __/ _ \| '__| | | | | |  | |\___ \\___ \
  / ____ \| |  | |_| | || (_| | (__| || (_) | |  | |_| | | |__| |____) |___) |
 /_/    \_\_|   \__|_|_| \__,_|\___|\__\___/|_|   \__, |  \____/|_____/_____/
 Version:  7.33.9                                  __/ |
 Revision: 73309900                               |___/
 Artifactory Home: '/opt/jfrog/artifactory'
 Node ID: '8530331d6faf'

2022-02-23T19:39:55.650Z [jfrt ] [INFO ] [f429e51121f28ca2] [ifactoryApplicationContext:564] [art-init            ] - Artifactory application context set to NOT READY by refresh
2022-02-23T19:40:12.253Z [jfrt ] [INFO ] [                ] [o.j.c.ConfigWrapperImpl:342   ] [e-watcher-notifier-1] - [Node ID: 8530331d6faf]  detected local  modify for config 'artifactory/config/artifactory.system.properties'
2022-02-23T19:40:12.349Z [jfrt ] [INFO ] [                ] [o.j.c.ConfigWrapperImpl:342   ] [e-watcher-notifier-1] - [Node ID: 8530331d6faf]  detected local  modify for config 'artifactory/config/mimetypes.xml'
2022-02-23T19:40:12.361Z [jfrt ] [INFO ] [                ] [o.j.c.ConfigWrapperImpl:342   ] [e-watcher-notifier-1] - [Node ID: 8530331d6faf]  detected local  modify for config 'artifactory/config/binarystore.xml'
2022-02-23T19:40:24.940Z [jfrt ] [WARN ] [f429e51121f28ca2] [c.z.h.u.DriverDataSource:70   ] [art-init            ] - Registered driver with driverClassName=org.apache.derby.jdbc.EmbeddedDriver was not found, trying direct instantiation.
2022-02-23T19:40:35.111Z [jfrt ] [INFO ] [f429e51121f28ca2] [ritiesStorageServiceFactory:25] [art-init            ] - Initializing DB-based Priorities Storage Service
2022-02-23T19:40:47.664Z [jfrt ] [INFO ] [f429e51121f28ca2] [actorySchedulerFactoryBean:729] [art-init            ] - Starting Quartz Scheduler now
2022-02-23T19:40:47.855Z [jfrt ] [INFO ] [f429e51121f28ca2] [ifactoryApplicationContext:284] [art-init            ] - Artifactory context starting up 52 Spring Beans...
2022-02-23T19:40:47.971Z [jfrt ] [INFO ] [f429e51121f28ca2] [c.CentralConfigServiceImpl:433] [art-init            ] - Loading bootstrap configuration (artifactory home dir is /opt/jfrog/artifactory).
2022-02-23T19:40:50.015Z [jfrt ] [INFO ] [f429e51121f28ca2] [.CentralConfigServiceImpl:1065] [art-init            ] - No Central configuration found in the database, using default configuration.
2022-02-23T19:40:51.172Z [jfrt ] [INFO ] [f429e51121f28ca2] [o.a.s.a.AccessServiceImpl:542 ] [art-init            ] - Initialized new service id: jfrt@01fwm1kgk0pa1p0bc1946n1jd3
2022-02-23T19:40:51.284Z [jfrt ] [INFO ] [f429e51121f28ca2] [oryAccessClientConfigStore:529] [art-init            ] - Using Access Server URL: http://localhost:8046/access source: System Config
2022-02-23T19:40:53.286Z [jfrt ] [INFO ] [f429e51121f28ca2] [.a.c.AccessClientBootstrap:152] [art-init            ] - Cluster join: Executing join on 'http://localhost:8046/access'
2022-02-23T19:40:53.920Z [jfrt ] [INFO ] [f429e51121f28ca2] [.a.c.AccessClientBootstrap:162] [art-init            ] - Cluster join: Successfully joined the cluster
2022-02-23T19:40:57.142Z [jfrt ] [INFO ] [f429e51121f28ca2] [o.a.s.a.AccessServiceImpl:473 ] [art-init            ] - Initialized access service successfully with client id 2078039011, closing old client id [null]
2022-02-23T19:40:57.143Z [jfrt ] [INFO ] [f429e51121f28ca2] [o.a.s.a.AccessServiceImpl:1379] [art-init            ] - Updating access configuration with password expiration data
2022-02-23T19:40:59.718Z [jfrt ] [WARN ] [f429e51121f28ca2] [o.a.s.a.AccessServiceImpl:1668] [art-init            ] - Your Artifactory server is configured with the default admin credentials. It is highly recommended to change the default admin password. You can change the password from the User Management page.
2022-02-23T19:41:00.007Z [jfrt ] [INFO ] [f429e51121f28ca2] [o.a.i.InfoWriter:53           ] [art-init            ] - 

 SYSTEM INFORMATION DUMP
 =======================

 System Info
 ========================
   java.library.path                                                     | /usr/java/packages/lib:/usr/lib64:/lib64:/lib:/usr/lib
   java.class.path                                                       | /opt/jfrog/artifactory/app/artifactory/tomcat/bin/bootstrap.jar
                                                                         | /opt/jfrog/artifactory/app/artifactory/tomcat/bin/tomcat-juli.jar

 Java System Info
 ========================
   java.class.version                                                    | 55.0
   java.home                                                             | /opt/jfrog/artifactory/app/third-party/java
   java.io.tmpdir                                                        | /opt/jfrog/artifactory/var/work/artifactory/tomcat/temp
   java.runtime.name                                                     | OpenJDK Runtime Environment
   java.runtime.version                                                  | 11.0.13+8
   java.specification.name                                               | Java Platform API Specification
   java.specification.vendor                                             | Oracle Corporation
   java.specification.version                                            | 11
   java.vendor                                                           | Eclipse Adoptium
   java.vendor.url                                                       | https://adoptium.net/
   java.vendor.url.bug                                                   | https://github.com/adoptium/adoptium-support/issues
   java.version                                                          | 11.0.13
   java.vm.info                                                          | mixed mode
   java.vm.name                                                          | OpenJDK 64-Bit Server VM
   java.vm.specification.name                                            | Java Virtual Machine Specification
   java.vm.specification.vendor                                          | Oracle Corporation
   java.vm.specification.version                                         | 11
   java.vm.vendor                                                        | Eclipse Adoptium
   java.vm.version                                                       | 11.0.13+8
   sun.arch.data.model                                                   | 64
   sun.boot.library.path                                                 | /opt/jfrog/artifactory/app/third-party/java/lib
   sun.cpu.endian                                                        | little
   sun.cpu.isalist                                                       | 
   sun.io.unicode.encoding                                               | UnicodeLittle
   sun.java.launcher                                                     | SUN_STANDARD
   sun.jnu.encoding                                                      | ANSI_X3.4-1968
   sun.management.compiler                                               | HotSpot 64-Bit Tiered Compilers
   sun.os.patch.level                                                    | unknown
   JVM Input arguments                                                   | --add-opens=java.base/java.lang=ALL-UNNAMED
                                                                         | --add-opens=java.base/java.io=ALL-UNNAMED
                                                                         | --add-opens=java.base/java.util=ALL-UNNAMED
                                                                         | --add-opens=java.base/java.util.concurrent=ALL-UNNAMED
                                                                         | --add-opens=java.rmi/sun.rmi.transport=ALL-UNNAMED
                                                                         | -Djava.util.logging.config.file=/opt/jfrog/artifactory/app/artifactory/tomcat/conf/logging.properties
                                                                         | -Djava.util.logging.manager=org.apache.juli.ClassLoaderLogManager
                                                                         | -Djdk.tls.ephemeralDHKeySize=****
                                                                         | -Djava.protocol.handler.pkgs=org.apache.catalina.webresources
                                                                         | -Dorg.apache.catalina.security.SecurityListener.UMASK=0027
                                                                         | -Xms512m
                                                                         | -Xmx2g
                                                                         | -XX:+UseG1GC
                                                                         | -XX:OnOutOfMemoryError=kill -9 %p
                                                                         | --add-opens=java.base/java.util=ALL-UNNAMED
                                                                         | --add-opens=java.base/java.lang.reflect=ALL-UNNAMED
                                                                         | --add-opens=java.base/java.lang.invoke=ALL-UNNAMED
                                                                         | --add-opens=java.base/java.text=ALL-UNNAMED
                                                                         | --add-opens=java.base/java.nio=ALL-UNNAMED
                                                                         | --add-opens=java.desktop/java.awt.font=ALL-UNNAMED
                                                                         | -Dfile.encoding=UTF8
                                                                         | -Djruby.compile.invokedynamic=false
                                                                         | -Djruby.bytecode.version=1.8
                                                                         | -Dorg.apache.tomcat.util.buf.UDecoder.ALLOW_ENCODED_SLASH=true
                                                                         | -Djava.security.egd=file:/dev/./urandom
                                                                         | -Dartdist=docker
                                                                         | -Djf.product.home=/opt/jfrog/artifactory
                                                                         | -Djruby.bytecode.version=1.8
                                                                         | -Dignore.endorsed.dirs=
                                                                         | -Dcatalina.base=/opt/jfrog/artifactory/app/artifactory/tomcat
                                                                         | -Dcatalina.home=/opt/jfrog/artifactory/app/artifactory/tomcat
                                                                         | -Djava.io.tmpdir=/opt/jfrog/artifactory/var/work/artifactory/tomcat/temp

 User Info
 ========================
   user.country                                                          | US
   user.dir                                                              | /var/opt/jfrog/artifactory
   user.home                                                             | /home/artifactory
   user.language                                                         | en
   user.name                                                             | artifactory
   user.timezone                                                         | UTC

 Host Info
 ========================
   Available Processors                                                  | 3
   Heap Memory Usage-Commited                                            | 601882624
   Heap Memory Usage-Init                                                | 536870912
   Heap Memory Usage-Max                                                 | 2147483648
   Heap Memory Usage-Used                                                | 380452864
   Non-Heap Memory Usage-Commited                                        | 257990656
   Non-Heap Memory Usage-Init                                            | 7667712
   Non-Heap Memory Usage-Max                                             | -1
   Non-Heap Memory Usage-Used                                            | 247207248
   os.arch                                                               | amd64
   os.name                                                               | Linux
   os.version                                                            | 4.15.0-163-generic

 Artifactory Info
 ========================
   artifactory.runMode.test                                              | false
   artifactory.runMode.qa                                                | false
   artifactory.runMode.dev                                               | false
   artifactory.runMode.devHa                                             | false
   artifactory.version                                                   | 7.33.9
   artifactory.revision                                                  | 73309900
   artifactory.buildNumber                                               | LOCAL
   artifactory.timestamp                                                 | 1167040800000
   artifactory.context.path                                              | /artifactory
   artifactory.override.context.path                                     | /artifactory
   artifactory.add.context.path                                          | true
   artifactory.access.context.path                                       | /access
   artifactory.servlet.supportUrlSessionTracking                         | false
   artifactory.addons.disabled                                           | 
   artifactory.addons.info.url                                           | http://service.jfrog.org/artifactory/addons/info/%s
   artifactory.addons.info.url                                           | http://www.jfrog.com/confluence/display/RTF/%s
   artifactory.jcr.addons.info.url                                       | http://www.jfrog.com/confluence/display/JCR/%s
   artifactory.async.corePoolSize                                        | 12
   artifactory.async.poolTtlSecs                                         | 60
   artifactory.async.poolMaxQueueSize                                    | 10000
   artifactory.versioningQueryIntervalSecs                               | 7200
   artifactory.logs.viewRefreshRateSecs                                  | 10
   artifactory.locks.timeoutSecs                                         | 120
   artifactory.locks.debugTimeouts                                       | false
   artifactory.task.pause.timeoutSecs                                    | 120
   artifactory.task.retry.wait.beforeRescheduleSecs                      | 5
   artifactory.task.completionLockTimeoutRetries                         | 100
   artifactory.task.retry.enable                                         | true
   artifactory.repo.concurrentDownloadSyncTimeoutSecs                    | 900
   artifactory.repo.downloadStatsEnabled                                 | true
   artifactory.repo.download.saveGetResource                             | false
   artifactory.repo.global.disabled                                      | true
   artifactory.fsitem.cache.idleTimeSecs                                 | 1200
   artifactory.docker.tokens.cache.idleTimeSecs                          | 240
   artifactory.artifactory.tokens.cache.idleTimeSecs                     | 600
   artifactory.cacheFS.sync.quietPeriodSecs                              | 900
   artifactory.search.maxResults                                         | 500
   artifactory.search.userQueryLimit                                     | 1000
   artifactory.search.max.list.size                                      | 600
   artifactory.search.userSqlQueryLimit                                  | 2000
   artifactory.search.limitAnonymousUsersOnly                            | true
   artifactory.search.content.maxFragments                               | 500
   artifactory.search.content.maxFragmentsSize                           | 5000
   artifactory.search.archive.minQueryLength                             | 3
   artifactory.search.pattern.timeoutSecs                                | 30
   artifactory.search.projects.maxReposToProcess                         | 10
   artifactory.gc.trashBinariesCleanup.enabled                           | false
   artifactory.gc.trashBinariesCleanup.intervalSecs                      | 900
   artifactory.gc.trashBinariesCleanup.delaySecs                         | -1
   artifactory.gc.trashBinariesCleanup.maxQueueLength                    | 10000
   artifactory.gc.useIndex                                               | false
   artifactory.gc.intervalSecs                                           | 86400
   artifactory.gc.delaySecs                                              | 7200
   artifactory.gc.sleepBetweenNodesMillis                                | 20
   artifactory.gc.scanStartSleepingThresholdMillis                       | 20000
   artifactory.gc.scanSleepBetweenIterationsMillis                       | 200
   artifactory.gc.fileScanSleepIterationMillis                           | 1000
   artifactory.gc.fileScanSleepMillis                                    | 250
   artifactory.gc.maxCacheEntries                                        | 10000
   artifactory.gc.readersMaxTimeSecs                                     | 10800
   artifactory.gc.failCount.threshold                                    | 10
   artifactory.gc.binaries.joinWithNodes                                 | true
   artifactory.gc.numberOfWorkersThreads                                 | 3
   artifactory.gc.skipFullGcBetweenMinorIterations                       | 20
   artifactory.gc.binariesToDeleteBatchSize                              | 10000
   artifactory.gc.binariesToDeleteIterationAmount                        | 20
   artifactory.gc.skipOrderByFullGc                                      | false
   artifactory.traffic.collectionActive                                  | false
   artifactory.traffic.v2.enabled                                        | false
   artifactory.traffic.v2.enabled.finally                                | false
   artifactory.traffic.ignore.range.header.when.calc.binary.size.for.redirect| false
   artifactory.security.authentication.cache.initSize                    | 100
   artifactory.security.authentication.cache.idleTimeSecs                | 300
   artifactory.security.ui.authentication.cache.idleTimeSecs             | 15
   artifactory.security.userLastAccessUpdatesResolutionSecs              | 5
   artifactory.security.master.key                                       | ************************
   artifactory.security.master.key.numOfFallbackKeys                     | *
   artifactory.security.disableRememberMe                                | false
   artifactory.security.rememberMe.lifetimeSecs                          | 1209600
   artifactory.security.ldap.forceGroupMemberAttFullDN                   | false
   artifactory.security.ldap.disable.group.search.attributes.limitation  | false
   artifactory.security.ldap.group.policy.cleanOnFail                    | true
   artifactory.security.ldap.group.search.filterThreshold                | 0
   artifactory.security.ldap.group.cacheRetentionSecs                    | 300
   artifactory.ldap.max.page.size                                        | 1000
   artifactory.ldap.paging.support                                       | true
   artifactory.ldap.disable.paging.support.period.minutes                | 10
   artifactory.ldap.apply.headless.validation                            | true
   artifactory.enable.aql.read.committed                                 | false
   artifactory.enable.aql.remote                                         | true
   artifactory.enable.aql.optimization.for.fromLeftOuterJoinToSubSelect  | false
   artifactory.aql.transitive.remote.repos.limit                         | 5
   artifactory.aql.transitive.collect.stats.enabled                      | true
   artifactory.aql.transitive.collect.stats.cache.size                   | 5000
   artifactory.mvn.central.hostPattern                                   | .maven.org
   artifactory.mvn.central.indexerMaxQueryIntervalSecs                   | 86400
   artifactory.mvn.metadata.plugin.calculation.workers                   | 2
   artifactory.mvn.metadata.calculation.workers                          | 8
   artifactory.mvn.dynamicMetadata.cacheRetentionSecs                    | 10
   artifactory.mvn.metadata.version3.enabled                             | true
   artifactory.mvn.custom.types                                          | tar.gz,tar.bz2
   artifactory.mvn.metadata.lock                                         | false
   artifactory.mvn.metadata.lock.time.sec                                | 60
   artifactory.request.disableVersionTokens                              | false
   artifactory.request.searchLatestReleaseByDateCreated                  | false
   artifactory.npm.tag.tagLatestByPublish                                | false
   artifactory.npm.repositories.download.priority.resolution             | true
   artifactory.build.maxFoldersToScanForDeletionWarnings                 | 2
   artifactory.build.checksum.cache.idleTimeSecs                         | 300
   artifactory.updates.refreshIntervalSecs                               | 14400
   artifactory.updates.url                                               | http://service.jfrog.org/artifactory/updates
   artifactory.artifactoryRequestsToGlobalCanRetrieveRemoteArtifacts     | false
   artifactory.ui.syntaxColoringMaxTextSizeBytes                         | 512000
   artifactory.plugin.scripts.refreshIntervalSecs                        | 0
   artifactory.aol.skip.skipable.converters                              | false
   artifactory.plugin.aol.support                                        | false
   artifactory.aol.dedicated.server                                      | false
   artifactory.aol.displayAccountManagementLink                          | true
   artifactory.aol.security.http.sso.enable                              | false
   artifactory.aol.security.anon.access.enable                           | false
   artifactory.aol.indexer.enable                                        | false
   artifactory.aol.docker.skip.creating.dns.record                       | false
   artifactory.ui.session.timeout.minutes                                | 30
   artifactory.file.roller.maxFileToRetain                               | 10
   artifactory.backup.fileExportSleepIterationMillis                     | 2000
   artifactory.backup.fileExportSleepMillis                              | 250
   artifactory.backup.maxUsedSpacePercent                                | 90
   artifactory.s3.existsCheckAfterAddingStream                           | true
   artifactory.binary.provider.artifacts.existence.cache.expirySecs      | 60
   artifactory.binary.provider.artifacts.existence.cache.size            | 20000
   artifactory.http.upstream.repository.status.expiration.seconds        | 600
   artifactory.http.acceptEncoding.gzip                                  | true
   artifactory.http.useExpectContinue                                    | false
   artifactory.http.forceForbiddenResponse                               | false
   artifactory.http.connectionPool.timeToLive                            | 30
   artifactory.org.artifactory.util.enableIncludeNotModified             | true
   artifactory.http.enableCookieManagement                               | false
   artifactory.filtering.resourceSizeKb                                  | 64
   artifactory.repo.remote.checkForExistingResourceOnRequest             | true
   artifactory.version.query.enabled                                     | true
   artifactory.response.disableContentDispositionFilename                | false
   artifactory.composer.metadata.extractor.workers                       | 20
   artifactory.composer.metadata.index.workers                           | 10
   artifactory.composer.search.pages                                     | 10
   artifactory.composer.search.results                                   | 1000
   artifactory.chef.metadata.index.workers                               | 10
   artifactory.yum.virtual.metadata.calculation.workers                  | 5
   artifactory.rpm.metadata.calculation.workers                          | 8
   artifactory.rpm.metadata.history.cycles.to.keep                       | 3
   artifactory.rpm.metadata.require.logic.enabled                        | true
   artifactory.debian.metadata.queue                                     | 
   artifactory.debian.metadata.calculation.workers                       | 8
   artifactory.debian.metadata.auto.calculation.disabled                 | false
   artifactory.debian.coordinates.calculation.workers                    | 4
   artifactory.debian.virtual.metadata.calculation.workers               | 5
   artifactory.debian.remote.etag                                        | true
   artifactory.debian.metadata.validation                                | true
   artifactory.debian.metadata.calculateMd5InPackagesFiles               | false
   artifactory.debian.use.acquire.byhash                                 | true
   artifactory.debian.packages.byhash.history.cycles.to.Keep             | 3
   artifactory.debian.release.extended.label                             | false
   artifactory.archive.licenseFile.names                                 | license,LICENSE,license.txt,LICENSE.txt,LICENSE.TXT
   artifactory.ui.search.maxRowsPerPage                                  | 20
   artifactory.ui.search.artifacts.caseInsensitive                       | true
   artifactory.replication.checksumDeploy.minSizeKb                      | 10
   artifactory.replication.consumer.queueSize                            | 1
   artifactory.replication.local.iteration.sleepThresholdMillis          | 1000
   artifactory.replication.local.iteration.sleepMillis                   | 100
   artifactory.replication.should.stop.check.interval                    | 1000
   artifactory.replication.event.queue.size                              | 50000
   artifactory.replication.properties.max.length                         | 100000
   artifactory.replication.statistics.max.length                         | 5000
   artifactory.replication.initContext.task.intervalSecs                 | 60
   artifactory.replication.initContext.task.initialDelaySecs             | 5
   artifactory.replication.push.fullTree.saveLocally                     | true
   artifactory.replication.push.fullTree.saveLocally.free.disk.threshold.bytes| 100000000
   artifactory.replication.push.caseDifference.support                   | false
   artifactory.replication.events.research.cache.eviction.time.minutes   | 30
   artifactory.request.explodedArchiveExtensions                         | zip,tar,tar.gz,tgz,7z,tar.bz2
   artifactory.bintray.jcenter.url                                       | http://jcenter.bintray.com
   artifactory.jcr.xray.demo.enabled                                     | false
   artifactory.bintray.api.url                                           | https://api.bintray.com
   artifactory.enable.ui.pages.in.Iframe                                 | false
   artifactory.bintray.client.requestTimeoutMS                           | 150000
   artifactory.bintray.client.signRequestTimeoutMS                       | 45000
   artifactory.useUserNameAutoCompleteOnLogin                            | on
   artifactory.ui.hideEncryptedPassword                                  | *****
   artifactory.stats.flushIntervalSecs                                   | 30
   artifactory.stats.remote.flushIntervalSecs                            | 35
   artifactory.stats.flushTimeoutSecs                                    | 120
   artifactory.integrationCleanup.intervalSecs                           | 300
   artifactory.integrationCleanup.quietPeriodSecs                        | 60
   artifactory.folderPruning.intervalSecs                                | 300
   artifactory.folderPruning.quietPeriodSecs                             | 60
   artifactory.repo.virtualCacheCleanup.maxAgeHours                      | 168
   artifactory.repo.virtualCacheCleanup.pattern                          | *.pom
   artifactory.security.authentication.password.salt                     | ****************
   artifactory.db.idGenerator.fetch.amount                               | 2000
   artifactory.db.idGenerator.max.update.retries                         | 50
   artifactory.gems.localIndexTaskIntervalSecs                           | 30
   artifactory.gems.virtualIndexTaskIntervalSecs                         | 300
   artifactory.gems.remoteAllowCacheDependencies                         | true
   artifactory.gems.gemsIndexTaskQueueLimit                              | 20000
   artifactory.gems.gemsAfterRepoInitHack                                | true
   artifactory.gems.number.of.split.iterations                           | 1
   artifactory.gems.compact.index.enabled                                | false
   artifactory.gems.compact.index.workers                                | 20
   artifactory.gems.after.commit.workers                                 | 20
   artifactory.gems.compact.etag.stash.size                              | 5000
   artifactory.gems.compact.etag.cache.size                              | 20000
   artifactory.gems.compact.etag.cache.eviction.time.minutes             | 15
   artifactory.gems.compact.packages.cache.size                          | 100000
   artifactory.gems.compact.packages.cache.eviction.time.minutes         | 15
   artifactory.gems.compact.index.executor.max.pool.size                 | 8
   artifactory.jruby.runtime.localContextMode                            | CONCURRENT
   artifactory.jruby.unmarshal.allow.unsafe                              | false
   artifactory.security.authentication.crowd.group.startIndex            | 0
   artifactory.security.authentication.crowd.group.maxResults            | 9999
   artifactory.ui.hideChecksums                                          | true
   artifactory.airgap.recovery.intervalSecs                              | 300
   artifactory.releasebundle.close.transaction.retries                   | 3
   artifactory.releasebundle.close.transaction.retries.waiting.millis    | 1000
   artifactory.releasebundle.close.transaction.with.bulk.operations      | true
   artifactory.archive.indexer.intervalSecs                              | 60
   artifactory.archive.indexer.disable.globally                          | false
   artifactory.xray.indexer.intervalSecs                                 | 60
   artifactory.xray.indexer.should.top.check.interval                    | 60
   artifactory.xray.client.token.authentication.support                  | true
   artifactory.xray.client.token.expiry.minutes                          | 1440
   artifactory.xray.client.block.cache.expiration.intervalSecs           | 300
   artifactory.xray.client.block.unscanned.cache.expiration.intervalSecs | 120
   artifactory.xray.event.job.read.limit                                 | 10000
   artifactory.xray.client.block.cache.size                              | 100000
   artifactory.xray.client.heartbeat.intervalSecs                        | 5
   artifactory.xray.client.repositories.policies.update.intervalSecs     | 20
   artifactory.xray.client.repositories.policies.update.quietPeriodSecs  | 5
   artifactory.xray.client.max.connections                               | 50
   artifactory.xray.client.connection.timeout.millis                     | 5000
   artifactory.xray.client.builds.socket.timeout.millis                  | 600000
   artifactory.xray.client.normal.socket.timeout.millis                  | 25000
   artifactory.xray.cleanup.job.quietPeriodSecs                          | 60
   artifactory.xray.cleanup.job.db.query.limit                           | 100
   artifactory.xray.cleanup.job.batch.size                               | 100
   artifactory.xray.cleanup.job.sleep.interval.millis                    | 0
   artifactory.xray.block.unscanned.recheck.intervalSecs                 | 20
   artifactory.xray.repo.data.ttl.days                                   | 90
   artifactory.nuget.inMemoryRemoteCaches                                | true
   artifactory.nuget.forceAuthentication                                 | false
   artifactory.nuget.allowRootGetWithAnon                                | false
   artifactory.nuget.disableSemVer2SearchFilterForLocalRepos             | false
   artifactory.nuget.disableSemverComparator                             | false
   artifactory.nuget.ignoreIsLatestVersionFilter                         | true
   artifactory.nuget.xstream.reusage.for.remote.metadata.enabled         | true
   artifactory.nuget.v2.search.page.size                                 | 100
   artifactory.nuget.v2.feed.calculation.workers                         | 5
   artifactory.nuget.reindex.calculation.workers                         | 10
   artifactory.nuget.allowV3Download                                     | true
   artifactory.ha.orphan.cluster.singleton.lock.period.minutes           | 30
   artifactory.ha.heartbeat.intervalSecs                                 | 5
   artifactory.ha.heartbeat.staleSecs                                    | 30
   artifactory.ha.heartbeat.stale.server.cleanup.periodMinutes           | 180
   artifactory.ha.heartbeat.network.timeout                              | 10
   artifactory.ha.propagation.http.socketTimeoutMs                       | 15000
   artifactory.ha.propagation.http.connectionTimeoutMs                   | 5000
   artifactory.ha.propagation.http.maxTotalConnections                   | 150
   artifactory.ha.propagation.CallTimeoutSecs                            | 30
   artifactory.binary.store.error.notification.intervalSecs              | 30
   artifactory.binary.store.error.notification.staleSecs                 | 30
   artifactory.binary.store.full.binary.provider.chain.ping              | true
   artifactory.ha.membersIntroduction.intervalSecs                       | 30
   artifactory.ha.membersIntroduction.staleSecs                          | 30
   artifactory.npm.remote.metadata.content.validation                    | true
   artifactory.npm.remote.metadata.json.accept.header                    | true
   artifactory.npm.alternative.download.enabled                          | false
   artifactory.npm.use.cache.on.remote.repo.fail.enabled                 | false
   artifactory.npm.default.audit.provider                                | https://registry.npmjs.org
   artifactory.npm.minimal.xray.audit.support                            | 2.8.0
   artifactory.npm.virtual.cache.item.ttl.seconds                        | 600
   artifactory.npm.virtual.cache.cleanup.batch.size                      | 1000
   artifactory.npm.semver4j.enabled                                      | true
   artifactory.npm.external.versioning.enabled                           | false
   artifactory.npm.github.packages.url                                   | https://npm.pkg.github.com/
   artifactory.import.max.parallelRepos                                  | 2
   artifactory.debian.distribution.path                                  | dists
   artifactory.opkg.metadata.calculation.workers                         | 5
   artifactory.debian.default.architectures                              | i386,amd64
   artifactory.pypi.index.quietPeriodSecs                                | 60
   artifactory.pypi.index.sleepMilliSecs                                 | 60
   artifactory.pypi.index.preferMetadataOnRootDepth                      | true
   artifactory.pypi.preferLatestVersionSearch                            | true
   artifactory.eventually.persisted.task.manager.jobSecs                 | 600
   artifactory.docker.filter.catalog.by.user.permission                  | false
   artifactory.docker.cleanup.maxAgeMillis                               | 86400000
   artifactory.docker.cleanup.uploadsTmpFolderJobSecs                    | 86400
   artifactory.docker.cleanup.tmpFolder.maxSearchResult                  | 5000
   artifactory.docker.tags.cleanup.intervalSecs                          | 300
   artifactory.docker.tags.cleanup.quietPeriodSecs                       | 60
   artifactory.docker.tags.orphan.layer.cleanup.intervalSecs             | 90
   artifactory.docker.tags.orphan.layer.cleanup.quietPeriodSecs          | 300
   artifactory.docker.manifest.marker.lock.timeoutMillis                 | 30000
   artifactory.docker.indexNumOfWorkerThreads                            | 5
   artifactory.docker.pull.v1.schema.by.digest.enabled                   | false
   artifactory.docker.cache.remote.repo.tags.and.catalog                 | 
   artifactory.docker.search.manifest.by.digest.and.tag.enabled          | false
   artifactory.docker.heuristic.search.repositories.limit                | 5
   artifactory.docker.search.blob.by.filename.enabled                    | false
   artifactory.docker.search.assume.sha2.migrated                        | true
   artifactory.oci.accepted.user.agents.list                             | 
   artifactory.http.range.support                                        | true
   artifactory.acl.dirty.read.timeout                                    | 20000
   artifactory.acl.version.cache.async.reload                            | false
   artifactory.acl.version.cache.async.waiting.time.millis               | 60000
   artifactory.acl.version.cache.async.waiting.on.error.time.millis      | 60000
   artifactory.acl.minimum.wait.refresh.data.seconds                     | 30
   artifactory.central.config.validation                                 | true
   artifactory.central.config.remote.repo.url.validation                 | false
   artifactory.central.config.dirty.read.timeout.millis                  | 2000
   artifactory.central.config.latest.revisions.expire.after.access.seconds| 21600
   artifactory.central.config.latest.revisions.dictionary.size           | 20
   artifactory.central.config.save.number.of.retries                     | 5
   artifactory.central.config.save.backoff.max.delay                     | 8000
   artifactory.central.config.save.backoff.multiplier                    | 2
   artifactory.repositories.dirty.read.timeout.millis                    | 5000
   artifactory.repo.http.idleConnectionMonitorInterval                   | 10
   artifactory.repo.http.disableIdleConnectionMonitoring                 | false
   artifactory.support.core.bundle.contentCollectionAwaitTimeout         | 60
   artifactory.support.core.bundle.waitForSlotBeforeWithdraw             | 600
   artifactory.support.core.bundle.maxBundles                            | 5
   artifactory.support.bundle.retrieval.token.expiry.minutes             | 5
   artifactory.binary.provider.zones                                     | a,b,c
   artifactory.binary.provider.prune.chunk.size                          | 500
   artifactory.properties.search.chunk.size                              | 500
   artifactory.exists.repo.chunk.size                                    | 500
   artifactory.security.useFrontCacheForBlockedUsers                     | true
   artifactory.security.loginBlockDelay                                  | 1000
   artifactory.security.maxLoginBlockDelay                               | 60000
   artifactory.security.max.incorrect.login.attempts                     | 2
   artifactory.security.max.users.toTrack                                | 10000
   artifactory.security.password.expiry.passwordExpireNotificationJobIntervalSecs| *****
   artifactory.security.password.expiry.passwordExpireJobIntervalSecs    | *****
   artifactory.security.password.expiry.daysToNotifyBefore               | *
   artifactory.http.client.max.total.connections                         | 50
   artifactory.http.client.max.connections.per.route                     | 50
   artifactory.http.client.max.docker.token.connections                  | 2
   artifactory.hazelcast.max.lock.lease.time.minutes                     | 30
   artifactory.repo.remote.blockedMismatchingMimeTypes                   | text/html,application/xhtml+xml
   artifactory.mvn.metadata.calculation.skip.delete.event                | false
   artifactory.repo.remote.browsing.content.length.limit.KB              | 1024
   artifactory.repo.browsing.content.security.policy                     | sandbox
   artifactory.repo.remote.syncProperties.blacklistUrls                  | 
   artifactory.remote.repo.url.strict.policy                             | true
   artifactory.remote.repo.url.verifier.cache.expirySecs                 | 300
   artifactory.remote.repo.url.verifier.cache.size                       | 200
   artifactory.sumologic.api.url                                         | https://auth.sumologic.com
   artifactory.move.copy.max.folder.cache.size                           | 1000000
   artifactory.move.copy.default.transaction.size                        | 1000
   artifactory.node.properties.replace.all                               | false
   artifactory.node.properties.log.performance                           | false
   artifactory.workQueue.execution.syncExecutionTimeoutSec               | 120
   artifactory.workQueue.dojob.enabled                                   | true
   artifactory.workQueue.dojob.intervalSecs                              | 5
   artifactory.workitem.max.lock.lease.time.minutes                      | 30
   artifactory.workqueue.max.execution.sec                               | 60
   artifactory.persistentQueue.repo.min.event.expire.sec                 | 3600
   artifactory.persistentQueue.max.lock.lease.time.minutes               | 1
   artifactory.persistentQueue.check.trigger.sec                         | 3600
   artifactory.persistentQueue.errors.check.trigger.sec                  | 30
   artifactory.persistentQueue.trigger.number.of.threads                 | 10
   artifactory.ha.messages.workers                                       | 10
   artifactory.airgap.workers                                            | 5
   artifactory.db.operations.bulk.size                                   | 500
   artifactory.flat.copy.move.bulk.size                                  | 10000
   artifactory.async.delete.item.workers                                 | 5
   artifactory.security.communication.constant                           | ArtifactorySecurityCommunicationConstant
   artifactory.nuget.disablePermissionCheck                              | false
   artifactory.treebrowser.sortRepositories.sortByType                   | virtual,local,remote,cached
   artifactory.treebrowser.folder.compact                                | true
   artifactory.maven.metadata.publishModelVersion                        | true
   artifactory.access.token.expiresIn.default                            | 3600
   artifactory.access.token.non.admin.max.expires.in                     | 3600
   artifactory.access.token.file.limitedForAnonymous                     | true
   artifactory.access.token.file.non.admin.max.expires.in                | 10800
   artifactory.access.client.token.verify.result.cache.size              | -1
   artifactory.access.client.token.verify.result.cache.expiry            | -1
   artifactory.access.client.waitForServer                               | 90
   artifactory.access.client.max.connections                             | 50
   artifactory.access.client.connection.timeout                          | -1
   artifactory.access.client.socket.timeout                              | -1
   artifactory.access.client.force.rest                                  | false
   artifactory.access.client.force.grpc                                  | false
   artifactory.access.client.startup.ping.retries                        | 90
   artifactory.access.grpc.client.keepalive.timeoutMillis                | 15000
   artifactory.access.grpc.client.resubscribe.delayMillis                | 5000
   artifactory.access.client.projects.config.cache.expirySecs            | 86400
   artifactory.access.client.projects.config.cache.size                  | 50000
   artifactory.access.client.projects.config.ignored                     | false
   artifactory.props.token.cache.size                                    | 5000
   artifactory.props.token.cache.expiry.secs                             | 300
   artifactory.metadata.client.max.connections                           | 50
   artifactory.metadata.client.connection.timeout                        | 10000
   artifactory.metadata.client.socket.timeout                            | 300000
   artifactory.metadata.client.serverUrl.override                        | http://localhost:8086
   artifactory.metadata.event.operator.threads                           | 5
   artifactory.metadata.event.operator.dispatcher.interval.secs          | 60
   artifactory.metadata.event.unstable.margin.secs                       | 60
   artifactory.metadata.native.ui                                        | true
   artifactory.metadata.server.events.persistence                        | distributed
   artifactory.metadata.server.max.files.to.write.per.version            | 1000
   artifactory.security.active.principal.token.ttl                       | 600
   artifactory.security.active.principal.token.ttl                       | 10000
   artifactory.saml.requests.ids.cache.size                              | 3000
   artifactory.saml.inResponseTo.validation.enable                       | false
   artifactory.puppet.metadata.calculation.workers                       | 5
   artifactory.puppet.repo.metadata.calculation.workers                  | 5
   artifactory.puppet.reindex.period                                     | 1800
   artifactory.puppet.additional.modulegroup                             | 
   artifactory.puppet.additional.endorsement                             | 
   artifactory.onboarding.skipWizard                                     | false
   artifactory.configuration.manager.retry.amount                        | 3
   artifactory.configuration.manager.quiet.period                        | 20000
   artifactory.configuration.manager.blocking.time                       | 60000
   artifactory.aggregation.time.window.secs                              | 60
   artifactory.most.downloaded.cache.idleTimeSecs                        | 900
   artifactory.replication.eventBased.connection.maxDelay                | 1800000
   artifactory.replications.eventbased.workers                           | 8
   artifactory.replication.eventbased.maxQueueItems                      | 500
   artifactory.replication.eventbased.maxPullReplicationsPerRepo         | 30
   artifactory.replication.eventbased.maxPullReplicationInboundEventsPerRepo| 10000
   artifactory.replication.eventbased.pullInboundUseSimpleExecutor       | false
   artifactory.replication.eventbased.pullDispatcher.timeMillis          | 1511
   artifactory.ha.replication.max.pool.size                              | 16
   artifactory.build.retention.enabled                                   | true
   artifactory.build.retention.workers                                   | 10
   artifactory.build.retention.always.async                              | false
   artifactory.build.info.migration.job.enabled                          | true
   artifactory.build.info.migration.job.queue.workers                    | 2
   artifactory.build.info.migration.fix.properties                       | false
   artifactory.build.ui.skip.delete.permission.check                     | false
   artifactory.locking.provider.type                                     | db
   artifactory.db.lock.cleanup.job.interval                              | 120
   artifactory.db.lock.cleanup.job.stale.interval                        | 120
   artifactory.db.mssql.property.value.max.size                          | 900
   artifactory.db.postgres.property.value.max.size                       | 2400
   artifactory.db.lock.conditional.insert.enabled                        | true
   artifactory.db.lock.max.wait.ms                                       | 2048
   artifactory.db.lock.initial.wait.ms                                   | 8
   artifactory.db.lock.max.retry.deletions                               | 3
   artifactory.db.lock.initial.unlock.wait.ms                            | 4
   artifactory.migration.job.waitForCluster.sleepIntervalMillis          | 300000
   artifactory.migration.job.dbQueryLimit                                | 100
   artifactory.migration.job.batchSize                                   | 10
   artifactory.migration.job.sleepIntervalMillis                         | 5000
   artifactory.sha2.migration.job.queue.workers                          | 2
   artifactory.sha2.migration.job.enabled                                | false
   artifactory.pathChecksum.migration.job.enabled                        | false
   artifactory.pathChecksum.migration.job.queue.workers                  | 2
   artifactory.upload.failOnChecksumValidationError                      | false
   artifactory.remote.download.inVain.consume.limit.inMegaBytes          | 1
   artifactory.remote.fetching.list.maximum.iteration                    | 3
   artifactory.service.name                                              | https://localhost:8080/artifactory/webapp/
   artifactory.helm.metadata.calculation.workers                         | 5
   artifactory.helm.virtual.metadata.calculation.workers                 | 5
   artifactory.alpine.metadata.calculation.workers                       | 5
   artifactory.alpine.virtual.metadata.calculation.workers               | 5
   artifactory.cargo.metadata.calculation.workers                        | 5
   artifactory.cargo.index.queue.max.items                               | 100
   artifactory.cargo.timeout.gitServlet.init.millis                      | 30000
   artifactory.pub.metadata.calculation.workers                          | 5
   artifactory.pub.index.queue.max.items                                 | 100
   artifactory.swift.metadata.calculation.workers                        | 5
   artifactory.swift.index.queue.max.items                               | 100
   artifactory.cran.metadata.calculation.workers                         | 5
   artifactory.conan.metadata.calculation.workers                        | 5
   artifactory.conan.index.timestamp.override.threshold.millis           | 60000
   artifactory.conan.v2.migration.job.enabled                            | true
   artifactory.conan.v2.migration.job.queue.workers                      | 2
   artifactory.git.repositories.workers                                  | 5
   artifactory.sql.converter.allowExternalConversionScripts              | false
   artifactory.database.converters.skip                                  | false
   artifactory.master.key.waiting.timeout.millis                         | *****
   artifactory.join.key.waiting.timeout.millis                           | *****
   artifactory.bootstrap.logger.debug                                    | false
   artifactory.enable.context.aware.logger                               | false
   artifactory.send.overwrites.to.trashcan                               | true
   artifactory.trashcan.max.search.results                               | 10000
   artifactory.keep.trashcan.empty.folders                               | true
   artifactory.enable.replicator.use                                     | true
   artifactory.start.local.replicator                                    | false
   artifactory.min.replicator.use.filesize.in.bytes                      | 8000000
   artifactory.block.on.conversion.cache.timeout.in.millis               | 0
   artifactory.node.events.enabled                                       | true
   artifactory.node.events.metrics.enabled                               | true
   artifactory.node.events.max.time                                      | 31536000000
   artifactory.jobs.table.ttl.millis                                     | 604800000
   artifactory.jobs.table.fetch.limit                                    | 10000
   artifactory.replication.full.useEventLog                              | false
   artifactory.replication.full.eventlog.commit.durationMillis           | 5000
   artifactory.replication.full.eventlog.forceSuccessfulFullTree         | false
   artifactory.replication.errorQueue.maxErrors                          | 100
   artifactory.replication.errorQueue.enabled                            | false
   artifactory.replication.errorQueue.retryCount                         | 10
   artifactory.releasebundle.cleanup.intervalSecs                        | 3600
   artifactory.releasebundle.distribute.streaming.intervalSecs           | 15
   artifactory.local.port.for.replicator                                 | 8081
   artifactory.package.native.ui.results                                 | 1000
   artifactory.package.native.ui.include.total.downloads                 | true
   artifactory.package.native.ui.search.by.path                          | false
   artifactory.http.sso.create.session.ui.request.only                   | true
   artifactory.s3.autoBucketCreation.skip                                | false
   artifactory.global.message.cache.ageSecs                              | 10
   artifactory.apply.local.repos.permissions.on.remote.repos             | true
   artifactory.apply.remote.repos.permissions.on.local.repos             | true
   artifactory.ui.continue.paging.limit                                  | 500
   artifactory.redirect.native.browser.requests.to.ui                    | true
   artifactory.redirect.native.browser.engine.list                       | webkit, blink, edgehtml, trident, gecko, flow, goanna
   artifactory.conda.metadata.calculation.workers                        | 5
   artifactory.npm.metadata.calculation.workers                          | 10
   artifactory.npm.reindex.metadata.calculation.workers                  | 10
   artifactory.go.github.useRaw                                          | false
   artifactory.go.pathFallback.allow                                     | false
   artifactory.go.sumdb.enabled                                          | true
   artifactory.go.latest.version.support                                 | true
   artifactory.go.skip.github.get.import.path.request                    | true
   artifactory.native.ui.search.max.time.millis                          | 60000
   artifactory.access.admin.default.password.check.period.millis         | *****
   artifactory.signed.url.cdn.validForSecs                               | 30
   artifactory.signed.url.validForSecs                                   | 86400
   artifactory.signed.url.ui.download.valid.for.secs                     | 300
   artifactory.should.include.native.prop.keys                           | ****
   artifactory.replication.skip.check.localgenerated                     | false
   artifactory.docker.catalogs.tags.fallback.fetch.remote.cache          | false
   artifactory.sql.server.query.builder.force.add.offset.to.query        | false
   artifactory.support.bundles.retention.count                           | 15
   artifactory.max.artifacts.permission.test.on.checksum.deploy          | 10
   artifactory.ignore.checksum.deploy.permission.check                   | false
   artifactory.enforce.permission.check.on.identical.checksum.deploy     | false
   artifactory.list.of.repos.allowed.send.redirect.url                   | 
   artifactory.cloud.binary.provider.redirect.threshold.in.bytes         | 204800
   artifactory.internal.request.disable.method.delegation                | false
   artifactory.is.add.user.name.to.sign.url.for.redirect                 | false
   artifactory.list.of.repos.hosts.need.to.avoid.url.normalisation       | mcr.microsoft.com, pkgs.dev.azure.com, nuget.pkg.github.com, promitor.azurecr.io
   artifactory.cipher.black.list                                         | 
   artifactory.key.exchange.black.list                                   | 
   artifactory.ssh.mac.black.list                                        | 
   artifactory.ssh.signature.black.list                                  | 
   artifactory.ssh.cipher.algorithms                                     | 
   artifactory.ssh.key.exchange.algorithms                               | 
   artifactory.ssh.mac.algorithms                                        | 
   artifactory.ssh.signature.algorithms                                  | 
   artifactory.max.release.bundle.size.to.display                        | 3000
   artifactory.events.log.cleanup.task.period.hours                      | 13
   artifactory.events.log.cleanup.age.of.entries.to.discard.days         | 60
   artifactory.replication.events.fetch.batch.limit                      | 1000
   artifactory.events.log.cleanup.interval.hours                         | 4
   artifactory.events.log.cleanup.iteration.sleep.time.millis            | 10
   artifactory.shutdown.on.invalid.db.scheme                             | false
   artifactory.update.storage.status.enabled                             | false
   artifactory.update.storage.status.cron                                | 0 0/15 * ? * *
   artifactory.storage.usage.sync.max.retries.until.flush                | 15
   artifactory.storage.usage.save.number.of.retries                      | 5
   artifactory.storage.usage.save.backoff.max.delay                      | 8000
   artifactory.storage.usage.save.backoff.multiplier                     | 2
   artifactory.projects.storage.quota.enabled                            | true
   artifactory.projects.storage.quota.error.tolerance.percentage         | 1
   artifactory.projects.storage.quota.notification.threshold.hardLimit.percentage| 75
   artifactory.projects.storage.quota.notification.job.interval.minutes  | 60
   artifactory.projects.storage.quota.notification.job.initial.delay.minutes| 10
   artifactory.projects.storage.quota.notification.period                | 720
   artifactory.allow.insecure.templates                                  | false
   artifactory.docker.blobs.caches.enabled                               | true
   artifactory.docker.blobs.cache.stat.print.interval.millis             | 300000
   artifactory.docker.verify.blob.checksum.before.caching                | false
   artifactory.security.authentication.skip.artifactory.redirect         | false
   artifactory.system.import.enabled                                     | true
   artifactory.repository.import.enabled                                 | true
   artifactory.allow.export.import.insecure.paths                        | false
   artifactory.ha.affinity.task.fallback                                 | false
   artifactory.ha.task.affinity.enabled                                  | true
   artifactory.oauth.redirect.prefer.custom.base.url                     | true
   artifactory.default.pipelines.repo.key                                | **************
   artifactory.event.client.timeout.seconds                              | 60
   artifactory.jf.event.max.workers                                      | 60
   artifactory.use.repo.path.on.remote.offline                           | true
   artifactory.online.monitor.threads.count                              | 10
   artifactory.metrics.enabled                                           | false
   artifactory.usageMetrics.enabled                                      | false
   artifactory.exclude.artifacts.from.metadata                           | false
   artifactory.exclude.artifacts.from.metadata.cache.size                | 20000
   artifactory.exclude.artifacts.from.metadata.cache.eviction.time       | 15
   artifactory.include.md5.into.etag.check                               | false
   artifactory.security.api.plus.insteadof.space                         | true
   artifactory.sync.resources.with.access.job.interval                   | 900000
   artifactory.validate.lowercase.username.on.group.association          | false
   artifactory.builds.db.force.override.enabled                          | false
   artifactory.shift.events.try.lock.timeout.ms                          | 120000
   artifactory.shift.events.periodic.ms                                  | 30000
   artifactory.shift.events.sql.limit                                    | 1000
   artifactory.node.events.event.id.migration.margin                     | 1000000
   artifactory.federated.max.config.threads                              | 5
   artifactory.federated.repo.heartbeat.stale.sec                        | 600
   artifactory.federated.repo.max.total.http.connections                 | 50
   artifactory.federated.repo.full.sync.enabled                          | true
   artifactory.federated.repo.full.sync.lock.time.min                    | 1440
   artifactory.federated.repo.full.sync.stale.lock.time.min              | 60
   artifactory.federated.repo.remote.validate.timeout.sec                | 60
   artifactory.federated.repo.cleanup.lazy.temp.dir.deleted.interval.secs| 86400
   artifactory.federated.repo.cleanup.lazy.temp.dir.orphan.artifacts.interval| 86400
   artifactory.federated.repo.executor.enabled                           | true
   artifactory.federated.repo.executor.maxPoolSize                       | 12
   artifactory.federated.repo.max.threads.percent                        | 10
   artifactory.federated.repo.executor.poolTtlSecs                       | 60
   artifactory.federated.repo.executor.poolMaxQueueSize                  | 10000
   artifactory.replication.full.sync.log.progress.interval               | 1000
   artifactory.event.log.work.queue.number.of.threads                    | 10
   artifactory.block.redirects.to.local.resources                        | false
   artifactory.http.repo.hosts.cache.eviction.time.minutes               | 1440
   artifactory.repo.remote.follow.redirect.settings                      | true
   artifactory.bearer.auth.max.allowed.retries                           | 3
   artifactory.retention.enabled                                         | true
   artifactory.retention.cold.http.client.socketTimeout                  | 15000
   artifactory.retention.cold.http.client.max.total.connections          | 50
   artifactory.retention.cold.http.client.max.connections.per.route      | 50
   artifactory.retention.cold.restore.render.tree.concurrency.level      | 5
   artifactory.retention.cold.restore.status.mapper.intervalSecs         | 120
   artifactory.retention.cold.cleanup.cron                               | 0 0 2 ? * *
   artifactory.retention.cold.cleanup.enabled                            | true
   artifactory.retention.cold.cleanup.batchSize                          | 10000
   artifactory.retention.warm.restore.pull.items.intervalSecs            | 120
   artifactory.retention.warm.restore.batchSize                          | 1000
   artifactory.retention.warm.restore.concurrency.maxLevel               | 5
   artifactory.retention.warm.restore.bandwidth.maxSizeMb                | 0
   artifactory.retention.warm.restore.error.threshold.percent            | 10
   artifactory.retention.warm.restore.partition.size                     | 100
   artifactory.retention.warm.restore.artifact.limit                     | 30000
   artifactory.retention.warm.archive.batchSize                          | 10000
   artifactory.retention.warm.archive.concurrency.maxLevel               | 5
   artifactory.retention.warm.archive.bandwidth.maxSizeMb                | 0
   artifactory.retention.warm.archive.policies.concurrent.maxCount       | 2147483647
   artifactory.retention.warm.archive.error.threshold.percent            | 10
   artifactory.retention.warm.archive.undeploy                           | true
   artifactory.retention.warm.archive.partition.size                     | 1000
   artifactory.retention.warm.archive.acquire.semaphore.sleep.millis     | 500
   artifactory.retention.warm.archive.acquire.semaphore.timeoutSecs      | 1800
   artifactory.retention.warm.refresh.master.token.periodDays            | 10
   artifactory.retention.warm.refresh.scoped.token.periodMinutes         | 30
   artifactory.allow.aol.config.override.changes                         | false
   artifactory.yum.xml.printer.mode                                      | 0
   artifactory.tree.node.tabs.scan.visibility.min.xray.version           | 3.34.0
   artifactory.pub.repository.enabled                                    | true
   artifactory.pub.sign.url.enabled                                      | false
   artifactory.httpconnections.metrics.max.total.repositories            | 10
   artifactory.terraform.registry.enable                                 | false
   artifactory.terraform.metadata.calculation.workers                    | 5
   artifactory.terraform.override.modules.source.hostname                | true
   artifactory.swift.repository.enabled                                  | false
   artifactory.standalone.show.detailed.footer                           | true
   artifactory.generated.password.expiration.periodMinutes               | **
   artifactory.mirror.full.sync.workers                                  | 3
   artifactory.mirror.heartbeat.workers                                  | 3
   artifactory.mirror.heartbeat.interval.sec                             | 20
   artifactory.mirror.heartbeat.initial.delay.sec                        | 5
   artifactory.mirror.temp.heartbeat.initial.delay.sec                   | 5
   artifactory.mirror.heartbeat.bulk.support.clean.interval.hours        | 12
   artifactory.mirror.clients.cleaner.interval.hours                     | 4
   artifactory.mirror.heartbeat.lock.lease.time.min                      | 3
   artifactory.full.sync.job.interval.sec                                | 20
   artifactory.full.sync.job.initial.delay.min                           | 1

2022-02-23T19:41:00.532Z [jfrt ] [INFO ] [f429e51121f28ca2] [tegrationCleanupServiceImpl:75] [art-init            ] - Using generated cron 0 45 0 ? * * for jobs table cleanup
2022-02-23T19:41:00.952Z [jfrt ] [WARN ] [f429e51121f28ca2] [c.z.h.u.DriverDataSource:70   ] [art-init            ] - Registered driver with driverClassName=org.apache.derby.jdbc.EmbeddedDriver was not found, trying direct instantiation.
2022-02-23T19:41:01.853Z [jfrt ] [INFO ] [f429e51121f28ca2] [o.a.s.SecurityServiceImpl:3364] [art-init            ] - Creating the default anonymous user, since it does not exist!
2022-02-23T19:41:03.833Z [jfrt ] [INFO ] [f429e51121f28ca2] [ifactoryApplicationContext:564] [art-init            ] - Artifactory application context set to READY by refresh
2022-02-23T19:41:03.926Z [jfrt ] [INFO ] [691e27a1b3c2f353] [adsFolderCleanupServiceImpl:52] [art-exec-4          ] - Starting docker temp folder cleanup
2022-02-23T19:41:03.935Z [jfrt ] [INFO ] [691e27a1b3c2f353] [adsFolderCleanupServiceImpl:54] [art-exec-4          ] - Docker temp folder cleanup finished, time took: 9 millis
2022-02-23T19:41:03.947Z [jfrt ] [INFO ] [f429e51121f28ca2] [.s.MetadataMigrationHelper:203] [art-init            ] - No repositories found that correspond to the supported Metadata Migration types. Supported types are [Swift, Maven, Vagrant, Debian, CocoaPods, Cargo, Conda, Helm, YUM, SBT, Terraform, Docker, Chef, Puppet, Bower, Go, Npm, Gems, Opkg, CRAN, Conan, Pub, Alpine, Ivy, Composer, Pypi, Gradle, NuGet]
2022-02-23T19:41:03.988Z [jfrt ] [INFO ] [f429e51121f28ca2] [.s.MetadataMigrationHelper:213] [art-init            ] - Inserting completed migration status for 'metadata-service-migration'
2022-02-23T19:41:03.994Z [jfrt ] [INFO ] [f429e51121f28ca2] [ionStatusStorageServiceImpl:99] [art-init            ] - About to insert new migration status record 'MigrationStatus(identifier=metadata-service-migration, started=1645645263991, finished=1645645263991, migrationInfoBlob=MetadataMigrationInfoBlob(migrationTargetNodeId=0, currentEventLogTimestamp=0, reposToMigrate=null))'
2022-02-23T19:41:04.116Z [jfrt ] [INFO ] [f429e51121f28ca2] [.w.NodeEventTaskManagerImpl:41] [art-init            ] - Event management started on behalf of Event Operator with ID 'metadata-operator-events'
2022-02-23T19:41:04.146Z [jfrt ] [INFO ] [f429e51121f28ca2] [o.a.s.s.StorageServiceImpl:533] [art-init            ] - Scheduling CalculateReposStorageSummaryJob to run at '0 56 * ? * *'
2022-02-23T19:41:04.154Z [jfrt ] [INFO ] [f429e51121f28ca2] [o.a.s.s.StorageServiceImpl:562] [art-init            ] - LogStorageStatusJob disabled and not scheduled to run
2022-02-23T19:41:04.170Z [jfrt ] [INFO ] [f429e51121f28ca2] [o.a.s.s.StorageServiceImpl:551] [art-init            ] - Scheduling SyncStorageUsageJob to run at '45 0/1 * ? * * *'
2022-02-23T19:41:04.291Z [jfrt ] [INFO ] [f429e51121f28ca2] [o.a.m.f.MetricsServiceImpl:137] [art-init            ] - Metric Framework Service is enabled: false
2022-02-23T19:41:04.300Z [jfrt ] [INFO ] [f429e51121f28ca2] [.FeatureAdoptionServiceImpl:58] [art-init            ] - Usage Metrics Service is enabled: false
2022-02-23T19:41:04.422Z [jfrt ] [INFO ] [f429e51121f28ca2] [o.a.s.a.AccessServiceImpl:1728] [art-init            ] - Successful register of Artifactory serviceId jfrt@01fwm1kgk0pa1p0bc1946n1jd3 in Access Federation
2022-02-23T19:41:04.422Z [jfrt ] [INFO ] [f429e51121f28ca2] [ctoryEncryptionServiceImpl:107] [art-init            ] - Starting encryption for first Artifactory startup
2022-02-23T19:41:04.426Z [jfrt ] [INFO ] [f429e51121f28ca2] [j.s.f.SecurityFolderHelper:171] [art-init            ] - Creating artifactory encryption key at /opt/jfrog/artifactory/var/etc/artifactory/security/artifactory.tmp.key
2022-02-23T19:41:04.462Z [jfrt ] [INFO ] [f429e51121f28ca2] [o.j.c.ConfigWrapperImpl:342   ] [art-init            ] - [Node ID: 8530331d6faf]  detected local  create for config 'artifactory/config/security/artifactory.key'
2022-02-23T19:41:04.636Z [jfrt ] [INFO ] [f429e51121f28ca2] [o.a.p.ProjectsServiceImpl:492 ] [art-init            ] - Scheduling ProjectStorageQuotaNotificationJob to run every 60 minutes
2022-02-23T19:41:04.860Z [jfrt ] [INFO ] [                ] [d.DatabaseConverterRunnable:43] [pool-28-thread-1    ] - Starting Async converter thread.
2022-02-23T19:41:04.888Z [jfrt ] [INFO ] [f429e51121f28ca2] [ctoryContextConfigListener:272] [art-init            ] - Artifactory (jfrt) service initialization completed in 70.046 seconds. Listening on port: 8081
2022-02-23T19:41:04.933Z [jfrt ] [INFO ] [                ] [o.j.c.AbstractDbConverter:36  ] [pool-28-thread-1    ] - Starting converter v78 with description: "v78_change_nodes_node_name_idx"
2022-02-23T19:41:04.937Z [jfrt ] [INFO ] [                ] [o.j.c.AbstractDbConverter:51  ] [pool-28-thread-1    ] - Converter `v78` is done with status `SKIPPED`.
2022-02-23T19:41:05.025Z [jfrt ] [INFO ] [                ] [o.j.c.AbstractDbConverter:36  ] [pool-28-thread-1    ] - Starting converter v79 with description: "v79_change_nodes_node_path_idx"
2022-02-23T19:41:05.027Z [jfrt ] [INFO ] [                ] [o.j.c.AbstractDbConverter:51  ] [pool-28-thread-1    ] - Converter `v79` is done with status `SKIPPED`.
2022-02-23T19:41:05.040Z [jfrt ] [INFO ] [                ] [o.j.c.AbstractDbConverter:36  ] [pool-28-thread-1    ] - Starting converter v80 with description: "v80_change_nodes_node_repo_path_idx"
2022-02-23T19:41:05.041Z [jfrt ] [INFO ] [                ] [o.j.c.AbstractDbConverter:51  ] [pool-28-thread-1    ] - Converter `v80` is done with status `SKIPPED`.
2022-02-23T19:41:05.052Z [jfrt ] [INFO ] [                ] [o.j.c.AbstractDbConverter:36  ] [pool-28-thread-1    ] - Starting converter v81 with description: "Create index `bundle_files_node_id_idx` for `bundle_files` on `node_id` field."
2022-02-23T19:41:05.605Z [jfrt ] [INFO ] [                ] [j.c.u.PreDefinedConverters:374] [pool-28-thread-1    ] - Searching for default DB conversion template at /templates/default/create_index.tpl
2022-02-23T19:41:05.623Z [jfrt ] [INFO ] [                ] [o.j.c.AbstractDbConverter:51  ] [pool-28-thread-1    ] - Converter `v81` is done with status `COMPLETED`.
2022-02-23T19:41:05.660Z [jfrt ] [INFO ] [                ] [o.j.c.AbstractDbConverter:36  ] [pool-28-thread-1    ] - Starting converter v95 with description: "Create index `node_events_tmp_event_id_idx` for `node_events_tmp` on `tmp_event_id` field."
2022-02-23T19:41:05.875Z [jfrt ] [INFO ] [                ] [o.j.c.AbstractDbConverter:51  ] [pool-28-thread-1    ] - Converter `v95` is done with status `SKIPPED`.
2022-02-23T19:41:05.887Z [jfrt ] [INFO ] [                ] [o.j.c.AbstractDbConverter:36  ] [pool-28-thread-1    ] - Starting converter v111 with description: "v111_prepare_change_node_props_node_prop_value_idx"
2022-02-23T19:41:05.889Z [jfrt ] [INFO ] [                ] [o.j.c.AbstractDbConverter:51  ] [pool-28-thread-1    ] - Converter `v111` is done with status `SKIPPED`.
2022-02-23T19:41:05.904Z [jfrt ] [INFO ] [                ] [o.j.c.AbstractDbConverter:36  ] [pool-28-thread-1    ] - Starting converter v112 with description: "v112_alter_node_props_node_prop_value_idx"
2022-02-23T19:41:05.905Z [jfrt ] [INFO ] [                ] [o.j.c.AbstractDbConverter:51  ] [pool-28-thread-1    ] - Converter `v112` is done with status `SKIPPED`.
2022-02-23T19:41:05.918Z [jfrt ] [INFO ] [                ] [o.j.c.AbstractDbConverter:36  ] [pool-28-thread-1    ] - Starting converter v113 with description: "v113_prepare_change_node_props_prop_key_value_idx"
2022-02-23T19:41:05.921Z [jfrt ] [INFO ] [                ] [o.j.c.AbstractDbConverter:51  ] [pool-28-thread-1    ] - Converter `v113` is done with status `SKIPPED`.
2022-02-23T19:41:05.940Z [jfrt ] [INFO ] [                ] [o.j.c.AbstractDbConverter:36  ] [pool-28-thread-1    ] - Starting converter v114 with description: "v114_alter_node_props_prop_key_value_idx"
2022-02-23T19:41:05.944Z [jfrt ] [INFO ] [                ] [o.j.c.AbstractDbConverter:51  ] [pool-28-thread-1    ] - Converter `v114` is done with status `SKIPPED`.
2022-02-23T19:41:05.987Z [jfrt ] [INFO ] [                ] [o.j.c.AbstractDbConverter:36  ] [pool-28-thread-1    ] - Starting converter v115 with description: "v115_prepare_change_node_props_prop_value_key_idx"
2022-02-23T19:41:05.990Z [jfrt ] [INFO ] [                ] [o.j.c.AbstractDbConverter:51  ] [pool-28-thread-1    ] - Converter `v115` is done with status `SKIPPED`.
2022-02-23T19:41:06.005Z [jfrt ] [INFO ] [                ] [o.j.c.AbstractDbConverter:36  ] [pool-28-thread-1    ] - Starting converter v116 with description: "v116_alter_node_props_prop_value_key_idx"
2022-02-23T19:41:06.011Z [jfrt ] [INFO ] [                ] [o.j.c.AbstractDbConverter:51  ] [pool-28-thread-1    ] - Converter `v116` is done with status `SKIPPED`.
2022-02-23T19:41:13.931Z [jfrt ] [INFO ] [                ] [o.j.c.ConfigWrapperImpl:342   ] [e-watcher-notifier-1] - [Node ID: 8530331d6faf]  detected local  modify for config 'artifactory/config/security/access/access.admin.token'
2022-02-23T19:41:17.077Z [jfrt ] [INFO ] [                ] [ffectedConfigStreamObserver:32] [Stream_1645645257074] - publishing full invalidation and attempting to resubscribe to affected configuration changes
2022-02-23T19:41:19.708Z [jfrt ] [INFO ] [                ] [ectedEntitiesStreamObserver:35] [Stream_1645645264546] - publishing full invalidation and attempting to resubscribe to affected permissions changes
2022-02-23T19:41:19.728Z [jfrt ] [INFO ] [                ] [.j.a.c.g.GrpcStreamObserver:76] [c-default-executor-0] - affected projects stream stopped gracefully - immediate cache invalidation will not work without restart
2022-02-23T19:41:19.743Z [jfrt ] [INFO ] [                ] [.j.a.c.g.GrpcStreamObserver:76] [c-default-executor-0] - affected projects stream stopped gracefully - immediate cache invalidation will not work without restart
2022-02-23T19:41:34.622Z [jfrt ] [INFO ] [c7689884aae728e8] [a.e.EventsLogCleanUpService:74] [art-exec-10         ] - Starting cleanup of old events from event log
2022-02-23T19:41:34.720Z [jfrt ] [INFO ] [c7689884aae728e8] [.e.EventsLogCleanUpService:113] [art-exec-10         ] - Cleanup of old events from event log finished
2022-02-23T19:41:37.076Z [jfrt ] [INFO ] [                ] [ffectedConfigStreamObserver:32] [Stream_1645645257074] - publishing full invalidation and attempting to resubscribe to affected configuration changes
2022-02-23T19:41:39.547Z [jfrt ] [INFO ] [                ] [ectedEntitiesStreamObserver:35] [Stream_1645645264546] - publishing full invalidation and attempting to resubscribe to affected permissions changes
2022-02-23T20:00:00.012Z [jfrt ] [INFO ] [a28b6d6e85d102df] [.s.d.b.s.BinaryServiceImpl:696] [art-exec-8          ] - Triggering Garbage Collection
2022-02-23T20:00:00.172Z [jfrt ] [INFO ] [a28b6d6e85d102df] [.s.d.b.s.g.GarbageCollector:66] [art-exec-8          ] - Starting GC strategy 'TRASH_AND_BINARIES'
2022-02-23T20:00:00.206Z [jfrt ] [INFO ] [a28b6d6e85d102df] [.s.d.b.s.g.GarbageCollector:68] [art-exec-8          ] - Finished GC Strategy 'TRASH_AND_BINARIES'
2022-02-24T00:00:00.009Z [jfrt ] [INFO ] [2ac2260d178edbe3] [.s.d.b.s.BinaryServiceImpl:696] [art-exec-11         ] - Triggering Garbage Collection
2022-02-24T00:00:00.016Z [jfrt ] [INFO ] [2ac2260d178edbe3] [.s.d.b.s.g.GarbageCollector:66] [art-exec-11         ] - Starting GC strategy 'TRASH_AND_BINARIES'
2022-02-24T00:00:00.036Z [jfrt ] [INFO ] [2ac2260d178edbe3] [.s.d.b.s.g.GarbageCollector:68] [art-exec-11         ] - Finished GC Strategy 'TRASH_AND_BINARIES'
2022-02-24T00:12:00.007Z [jfrt ] [INFO ] [741e7014dd61d121] [ualCacheCleanupServiceImpl:119] [art-exec-6          ] - Starting cleanup of virtual repositories cache
2022-02-24T00:12:00.040Z [jfrt ] [INFO ] [741e7014dd61d121] [ualCacheCleanupServiceImpl:127] [art-exec-6          ] - Completed virtual repositories cleanup: removed 0 cached files.
2022-02-24T00:45:00.006Z [jfrt ] [INFO ] [13f35adaf37d4a1a] [tegrationCleanupServiceImpl:44] [art-exec-9          ] - cleaning jobs table
2022-02-24T00:45:00.055Z [jfrt ] [INFO ] [13f35adaf37d4a1a] [tegrationCleanupServiceImpl:48] [art-exec-9          ] - cleaned up 0 old job records
