Started at Tue Feb 22 21:31:40 UTC 2022
Processing CodeBuild
Offering CodeBuild to Project Build Discarder
Processing CodePull
Offering CodePull to Project Build Discarder
Processing maven
Offering maven to Project Build Discarder
Processing prod1
Offering prod1 to Project Build Discarder
Processing test
Offering test to Project Build Discarder
Finished at Tue Feb 22 21:31:40 UTC 2022. 8ms
Started at Wed Feb 23 09:30:15 UTC 2022
Processing CodeBuild
Offering CodeBuild to Project Build Discarder
Processing CodePull
Offering CodePull to Project Build Discarder
Processing maven
Offering maven to Project Build Discarder
Processing prod1
Offering prod1 to Project Build Discarder
Processing test
Offering test to Project Build Discarder
Finished at Wed Feb 23 09:30:16 UTC 2022. 5ms
Started at Wed Feb 23 10:30:16 UTC 2022
Processing CodeBuild
Offering CodeBuild to Project Build Discarder
Processing CodePull
Offering CodePull to Project Build Discarder
Processing maven
Offering maven to Project Build Discarder
Processing prod1
Offering prod1 to Project Build Discarder
Processing test
Offering test to Project Build Discarder
Finished at Wed Feb 23 10:30:16 UTC 2022. 5ms
Started at Wed Feb 23 11:30:15 UTC 2022
Processing CodeBuild
Offering CodeBuild to Project Build Discarder
Processing CodePull
Offering CodePull to Project Build Discarder
Processing maven
Offering maven to Project Build Discarder
Processing prod1
Offering prod1 to Project Build Discarder
Processing test
Offering test to Project Build Discarder
Finished at Wed Feb 23 11:30:16 UTC 2022. 4ms
Started at Wed Feb 23 12:30:15 UTC 2022
Processing CodeBuild
Offering CodeBuild to Project Build Discarder
Processing CodePull
Offering CodePull to Project Build Discarder
Processing maven
Offering maven to Project Build Discarder
Processing prod1
Offering prod1 to Project Build Discarder
Processing test
Offering test to Project Build Discarder
Finished at Wed Feb 23 12:30:16 UTC 2022. 8ms
Started at Wed Feb 23 13:30:15 UTC 2022
Processing CodeBuild
Offering CodeBuild to Project Build Discarder
Processing CodePull
Offering CodePull to Project Build Discarder
Processing maven
Offering maven to Project Build Discarder
Processing prod1
Offering prod1 to Project Build Discarder
Processing test
Offering test to Project Build Discarder
Finished at Wed Feb 23 13:30:16 UTC 2022. 5ms
Started at Wed Feb 23 14:30:15 UTC 2022
Processing CodeBuild
Offering CodeBuild to Project Build Discarder
Processing CodePull
Offering CodePull to Project Build Discarder
Processing maven
Offering maven to Project Build Discarder
Processing prod1
Offering prod1 to Project Build Discarder
Processing test
Offering test to Project Build Discarder
Finished at Wed Feb 23 14:30:16 UTC 2022. 4ms
Started at Wed Feb 23 15:30:15 UTC 2022
Processing CodeBuild
Offering CodeBuild to Project Build Discarder
Processing CodePull
Offering CodePull to Project Build Discarder
Processing maven
Offering maven to Project Build Discarder
Processing prod1
Offering prod1 to Project Build Discarder
Processing test
Offering test to Project Build Discarder
Finished at Wed Feb 23 15:30:15 UTC 2022. 2ms
Started at Wed Feb 23 16:30:15 UTC 2022
Processing CodeBuild
Offering CodeBuild to Project Build Discarder
Processing CodePull
Offering CodePull to Project Build Discarder
Processing maven
Offering maven to Project Build Discarder
Processing prod1
Offering prod1 to Project Build Discarder
Processing test
Offering test to Project Build Discarder
Finished at Wed Feb 23 16:30:15 UTC 2022. 1ms
